{"C:\\Users\\dangq\\OneDrive\\Documents\\GitHub\\Full-Stack-E-commerce\\services\\notification-service\\src\\app.controller.ts": {"path":"C:\\Users\\dangq\\OneDrive\\Documents\\GitHub\\Full-Stack-E-commerce\\services\\notification-service\\src\\app.controller.ts","statementMap":{"0":{"start":{"line":1,"column":0},"end":{"line":1,"column":49}},"1":{"start":{"line":2,"column":0},"end":{"line":2,"column":73}},"2":{"start":{"line":5,"column":7},"end":{"line":10,"column":null}},"3":{"start":{"line":8,"column":4},"end":{"line":8,"column":44}},"4":{"start":{"line":5,"column":13},"end":{"line":5,"column":26}},"5":{"start":{"line":7,"column":2},"end":{"line":9,"column":null}},"6":{"start":{"line":5,"column":13},"end":{"line":10,"column":null}}},"fnMap":{"0":{"name":"(anonymous_2)","decl":{"start":{"line":7,"column":2},"end":{"line":7,"column":8}},"loc":{"start":{"line":7,"column":8},"end":{"line":9,"column":3}}}},"branchMap":{"0":{"loc":{"start":{"line":7,"column":12},"end":{"line":7,"column":null}},"type":"cond-expr","locations":[{"start":{"line":7,"column":23},"end":{"line":7,"column":null}},{"start":{"line":7,"column":23},"end":{"line":7,"column":null}}]},"1":{"loc":{"start":{"line":7,"column":12},"end":{"line":7,"column":23}},"type":"binary-expr","locations":[{"start":{"line":7,"column":12},"end":{"line":7,"column":null}},{"start":{"line":7,"column":12},"end":{"line":7,"column":23}}]}},"s":{"0":1,"1":1,"2":1,"3":1,"4":1,"5":1,"6":1},"f":{"0":1},"b":{"0":[1,0],"1":[1,1]}}
,"C:\\Users\\dangq\\OneDrive\\Documents\\GitHub\\Full-Stack-E-commerce\\services\\notification-service\\src\\notification\\application\\find-notification-by-id.use-case.ts": {"path":"C:\\Users\\dangq\\OneDrive\\Documents\\GitHub\\Full-Stack-E-commerce\\services\\notification-service\\src\\notification\\application\\find-notification-by-id.use-case.ts","statementMap":{"0":{"start":{"line":5,"column":31},"end":{"line":5,"column":65}},"1":{"start":{"line":8,"column":4},"end":{"line":8,"column":40}},"2":{"start":{"line":4,"column":0},"end":{"line":4,"column":13}}},"fnMap":{"0":{"name":"(anonymous_0)","decl":{"start":{"line":5,"column":2},"end":{"line":5,"column":31}},"loc":{"start":{"line":5,"column":65},"end":{"line":5,"column":69}}},"1":{"name":"(anonymous_1)","decl":{"start":{"line":7,"column":2},"end":{"line":7,"column":7}},"loc":{"start":{"line":7,"column":26},"end":{"line":9,"column":3}}}},"branchMap":{},"s":{"0":1,"1":2,"2":2},"f":{"0":1,"1":2},"b":{}}
,"C:\\Users\\dangq\\OneDrive\\Documents\\GitHub\\Full-Stack-E-commerce\\services\\notification-service\\src\\notification\\application\\find-user-notifications.use-case.ts": {"path":"C:\\Users\\dangq\\OneDrive\\Documents\\GitHub\\Full-Stack-E-commerce\\services\\notification-service\\src\\notification\\application\\find-user-notifications.use-case.ts","statementMap":{"0":{"start":{"line":5,"column":31},"end":{"line":5,"column":65}},"1":{"start":{"line":8,"column":4},"end":{"line":8,"column":48}},"2":{"start":{"line":4,"column":0},"end":{"line":4,"column":13}}},"fnMap":{"0":{"name":"(anonymous_0)","decl":{"start":{"line":5,"column":2},"end":{"line":5,"column":31}},"loc":{"start":{"line":5,"column":65},"end":{"line":5,"column":69}}},"1":{"name":"(anonymous_1)","decl":{"start":{"line":7,"column":2},"end":{"line":7,"column":7}},"loc":{"start":{"line":7,"column":30},"end":{"line":9,"column":3}}}},"branchMap":{},"s":{"0":1,"1":2,"2":2},"f":{"0":1,"1":2},"b":{}}
,"C:\\Users\\dangq\\OneDrive\\Documents\\GitHub\\Full-Stack-E-commerce\\services\\notification-service\\src\\notification\\application\\kafka-notification.consumer.ts": {"path":"C:\\Users\\dangq\\OneDrive\\Documents\\GitHub\\Full-Stack-E-commerce\\services\\notification-service\\src\\notification\\application\\kafka-notification.consumer.ts","statementMap":{"0":{"start":{"line":1,"column":0},"end":{"line":1,"column":44}},"1":{"start":{"line":2,"column":0},"end":{"line":2,"column":83}},"2":{"start":{"line":3,"column":0},"end":{"line":3,"column":65}},"3":{"start":{"line":4,"column":0},"end":{"line":4,"column":68}},"4":{"start":{"line":5,"column":0},"end":{"line":5,"column":71}},"5":{"start":{"line":17,"column":7},"end":{"line":130,"column":null}},"6":{"start":{"line":19,"column":21},"end":{"line":19,"column":46}},"7":{"start":{"line":27,"column":4},"end":{"line":34,"column":6}},"8":{"start":{"line":28,"column":6},"end":{"line":32,"column":null}},"9":{"start":{"line":42,"column":4},"end":{"line":49,"column":6}},"10":{"start":{"line":43,"column":6},"end":{"line":47,"column":null}},"11":{"start":{"line":57,"column":4},"end":{"line":64,"column":6}},"12":{"start":{"line":58,"column":6},"end":{"line":62,"column":null}},"13":{"start":{"line":72,"column":4},"end":{"line":79,"column":6}},"14":{"start":{"line":73,"column":6},"end":{"line":77,"column":null}},"15":{"start":{"line":87,"column":20},"end":{"line":87,"column":45}},"16":{"start":{"line":88,"column":29},"end":{"line":90,"column":null}},"17":{"start":{"line":93,"column":4},"end":{"line":101,"column":9}},"18":{"start":{"line":96,"column":8},"end":{"line":100,"column":9}},"19":{"start":{"line":97,"column":10},"end":{"line":97,"column":56}},"20":{"start":{"line":99,"column":10},"end":{"line":99,"column":21}},"21":{"start":{"line":110,"column":23},"end":{"line":111,"column":null}},"22":{"start":{"line":111,"column":36},"end":{"line":111,"column":51}},"23":{"start":{"line":114,"column":4},"end":{"line":128,"column":6}},"24":{"start":{"line":116,"column":8},"end":{"line":126,"column":10}},"25":{"start":{"line":17,"column":13},"end":{"line":17,"column":38}},"26":{"start":{"line":23,"column":8},"end":{"line":35,"column":null}},"27":{"start":{"line":38,"column":8},"end":{"line":50,"column":null}},"28":{"start":{"line":53,"column":8},"end":{"line":65,"column":null}},"29":{"start":{"line":68,"column":8},"end":{"line":80,"column":null}},"30":{"start":{"line":17,"column":13},"end":{"line":130,"column":null}}},"fnMap":{"0":{"name":"(anonymous_4)","decl":{"start":{"line":18,"column":2},"end":{"line":18,"column":null}},"loc":{"start":{"line":19,"column":69},"end":{"line":20,"column":6}}},"1":{"name":"(anonymous_5)","decl":{"start":{"line":23,"column":8},"end":{"line":23,"column":26}},"loc":{"start":{"line":25,"column":37},"end":{"line":35,"column":3}}},"2":{"name":"(anonymous_6)","decl":{"start":{"line":27,"column":71},"end":{"line":27,"column":74}},"loc":{"start":{"line":28,"column":6},"end":{"line":32,"column":null}}},"3":{"name":"(anonymous_7)","decl":{"start":{"line":38,"column":8},"end":{"line":38,"column":28}},"loc":{"start":{"line":40,"column":37},"end":{"line":50,"column":3}}},"4":{"name":"(anonymous_8)","decl":{"start":{"line":42,"column":73},"end":{"line":42,"column":76}},"loc":{"start":{"line":43,"column":6},"end":{"line":47,"column":null}}},"5":{"name":"(anonymous_9)","decl":{"start":{"line":53,"column":8},"end":{"line":53,"column":26}},"loc":{"start":{"line":55,"column":37},"end":{"line":65,"column":3}}},"6":{"name":"(anonymous_10)","decl":{"start":{"line":57,"column":71},"end":{"line":57,"column":74}},"loc":{"start":{"line":58,"column":6},"end":{"line":62,"column":null}}},"7":{"name":"(anonymous_11)","decl":{"start":{"line":68,"column":8},"end":{"line":68,"column":29}},"loc":{"start":{"line":70,"column":37},"end":{"line":80,"column":3}}},"8":{"name":"(anonymous_12)","decl":{"start":{"line":72,"column":74},"end":{"line":72,"column":77}},"loc":{"start":{"line":73,"column":6},"end":{"line":77,"column":null}}},"9":{"name":"(anonymous_13)","decl":{"start":{"line":82,"column":10},"end":{"line":82,"column":15}},"loc":{"start":{"line":85,"column":32},"end":{"line":102,"column":3}}},"10":{"name":"(anonymous_14)","decl":{"start":{"line":95,"column":76},"end":{"line":95,"column":81}},"loc":{"start":{"line":95,"column":91},"end":{"line":101,"column":7}}},"11":{"name":"(anonymous_15)","decl":{"start":{"line":104,"column":10},"end":{"line":104,"column":15}},"loc":{"start":{"line":108,"column":16},"end":{"line":129,"column":3}}},"12":{"name":"(anonymous_16)","decl":{"start":{"line":111,"column":6},"end":{"line":111,"column":7}},"loc":{"start":{"line":111,"column":36},"end":{"line":111,"column":51}}},"13":{"name":"(anonymous_17)","decl":{"start":{"line":115,"column":21},"end":{"line":115,"column":22}},"loc":{"start":{"line":116,"column":8},"end":{"line":126,"column":10}}}},"branchMap":{"0":{"loc":{"start":{"line":25,"column":25},"end":{"line":25,"column":null}},"type":"cond-expr","locations":[{"start":{"line":25,"column":37},"end":{"line":25,"column":null}},{"start":{"line":25,"column":37},"end":{"line":25,"column":null}}]},"1":{"loc":{"start":{"line":25,"column":25},"end":{"line":25,"column":37}},"type":"binary-expr","locations":[{"start":{"line":25,"column":25},"end":{"line":25,"column":null}},{"start":{"line":25,"column":25},"end":{"line":25,"column":37}}]},"2":{"loc":{"start":{"line":26,"column":5},"end":{"line":26,"column":null}},"type":"cond-expr","locations":[{"start":{"line":26,"column":12},"end":{"line":26,"column":null}},{"start":{"line":26,"column":12},"end":{"line":26,"column":null}}]},"3":{"loc":{"start":{"line":26,"column":5},"end":{"line":26,"column":12}},"type":"binary-expr","locations":[{"start":{"line":26,"column":5},"end":{"line":26,"column":null}},{"start":{"line":26,"column":5},"end":{"line":26,"column":12}}]},"4":{"loc":{"start":{"line":40,"column":25},"end":{"line":40,"column":null}},"type":"cond-expr","locations":[{"start":{"line":40,"column":37},"end":{"line":40,"column":null}},{"start":{"line":40,"column":37},"end":{"line":40,"column":null}}]},"5":{"loc":{"start":{"line":40,"column":25},"end":{"line":40,"column":37}},"type":"binary-expr","locations":[{"start":{"line":40,"column":25},"end":{"line":40,"column":null}},{"start":{"line":40,"column":25},"end":{"line":40,"column":37}}]},"6":{"loc":{"start":{"line":41,"column":5},"end":{"line":41,"column":null}},"type":"cond-expr","locations":[{"start":{"line":41,"column":12},"end":{"line":41,"column":null}},{"start":{"line":41,"column":12},"end":{"line":41,"column":null}}]},"7":{"loc":{"start":{"line":41,"column":5},"end":{"line":41,"column":12}},"type":"binary-expr","locations":[{"start":{"line":41,"column":5},"end":{"line":41,"column":null}},{"start":{"line":41,"column":5},"end":{"line":41,"column":12}}]},"8":{"loc":{"start":{"line":55,"column":25},"end":{"line":55,"column":null}},"type":"cond-expr","locations":[{"start":{"line":55,"column":37},"end":{"line":55,"column":null}},{"start":{"line":55,"column":37},"end":{"line":55,"column":null}}]},"9":{"loc":{"start":{"line":55,"column":25},"end":{"line":55,"column":37}},"type":"binary-expr","locations":[{"start":{"line":55,"column":25},"end":{"line":55,"column":null}},{"start":{"line":55,"column":25},"end":{"line":55,"column":37}}]},"10":{"loc":{"start":{"line":56,"column":5},"end":{"line":56,"column":null}},"type":"cond-expr","locations":[{"start":{"line":56,"column":12},"end":{"line":56,"column":null}},{"start":{"line":56,"column":12},"end":{"line":56,"column":null}}]},"11":{"loc":{"start":{"line":56,"column":5},"end":{"line":56,"column":12}},"type":"binary-expr","locations":[{"start":{"line":56,"column":5},"end":{"line":56,"column":null}},{"start":{"line":56,"column":5},"end":{"line":56,"column":12}}]},"12":{"loc":{"start":{"line":70,"column":25},"end":{"line":70,"column":null}},"type":"cond-expr","locations":[{"start":{"line":70,"column":37},"end":{"line":70,"column":null}},{"start":{"line":70,"column":37},"end":{"line":70,"column":null}}]},"13":{"loc":{"start":{"line":70,"column":25},"end":{"line":70,"column":37}},"type":"binary-expr","locations":[{"start":{"line":70,"column":25},"end":{"line":70,"column":null}},{"start":{"line":70,"column":25},"end":{"line":70,"column":37}}]},"14":{"loc":{"start":{"line":71,"column":5},"end":{"line":71,"column":null}},"type":"cond-expr","locations":[{"start":{"line":71,"column":12},"end":{"line":71,"column":null}},{"start":{"line":71,"column":12},"end":{"line":71,"column":null}}]},"15":{"loc":{"start":{"line":71,"column":5},"end":{"line":71,"column":12}},"type":"binary-expr","locations":[{"start":{"line":71,"column":5},"end":{"line":71,"column":null}},{"start":{"line":71,"column":5},"end":{"line":71,"column":12}}]},"16":{"loc":{"start":{"line":19,"column":46},"end":{"line":19,"column":null}},"type":"cond-expr","locations":[{"start":{"line":19,"column":69},"end":{"line":19,"column":null}},{"start":{"line":19,"column":69},"end":{"line":19,"column":null}}]},"17":{"loc":{"start":{"line":19,"column":46},"end":{"line":19,"column":69}},"type":"binary-expr","locations":[{"start":{"line":19,"column":46},"end":{"line":19,"column":null}},{"start":{"line":19,"column":46},"end":{"line":19,"column":69}}]}},"s":{"0":1,"1":1,"2":1,"3":1,"4":1,"5":1,"6":4,"7":2,"8":2,"9":1,"10":1,"11":1,"12":1,"13":1,"14":1,"15":5,"16":5,"17":5,"18":5,"19":5,"20":5,"21":5,"22":10,"23":5,"24":5,"25":1,"26":1,"27":1,"28":1,"29":1,"30":1},"f":{"0":4,"1":2,"2":2,"3":1,"4":1,"5":1,"6":1,"7":1,"8":1,"9":5,"10":5,"11":5,"12":10,"13":5},"b":{"0":[1,0],"1":[1,1],"2":[1,0],"3":[1,1],"4":[1,0],"5":[1,1],"6":[1,0],"7":[1,1],"8":[1,0],"9":[1,1],"10":[1,0],"11":[1,1],"12":[1,0],"13":[1,1],"14":[1,0],"15":[1,1],"16":[1,0],"17":[1,1]}}
,"C:\\Users\\dangq\\OneDrive\\Documents\\GitHub\\Full-Stack-E-commerce\\services\\notification-service\\src\\notification\\application\\send-notification.use-case.ts": {"path":"C:\\Users\\dangq\\OneDrive\\Documents\\GitHub\\Full-Stack-E-commerce\\services\\notification-service\\src\\notification\\application\\send-notification.use-case.ts","statementMap":{"0":{"start":{"line":1,"column":0},"end":{"line":1,"column":54}},"1":{"start":{"line":2,"column":0},"end":{"line":2,"column":72}},"2":{"start":{"line":3,"column":0},"end":{"line":3,"column":68}},"3":{"start":{"line":6,"column":13},"end":{"line":6,"column":69}},"4":{"start":{"line":24,"column":21},"end":{"line":24,"column":55}},"5":{"start":{"line":25,"column":21},"end":{"line":25,"column":62}},"6":{"start":{"line":29,"column":25},"end":{"line":37,"column":6}},"7":{"start":{"line":36,"column":64},"end":{"line":36,"column":76}},"8":{"start":{"line":39,"column":30},"end":{"line":39,"column":70}},"9":{"start":{"line":41,"column":4},"end":{"line":45,"column":5}},"10":{"start":{"line":42,"column":6},"end":{"line":44,"column":7}},"11":{"start":{"line":43,"column":8},"end":{"line":43,"column":46}},"12":{"start":{"line":47,"column":4},"end":{"line":47,"column":57}},"13":{"start":{"line":48,"column":4},"end":{"line":48,"column":55}},"14":{"start":{"line":50,"column":4},"end":{"line":50,"column":29}},"15":{"start":{"line":22,"column":0},"end":{"line":22,"column":13}}},"fnMap":{"0":{"name":"(anonymous_0)","decl":{"start":{"line":23,"column":2},"end":{"line":23,"column":null}},"loc":{"start":{"line":25,"column":64},"end":{"line":26,"column":6}}},"1":{"name":"(anonymous_1)","decl":{"start":{"line":28,"column":2},"end":{"line":28,"column":7}},"loc":{"start":{"line":28,"column":41},"end":{"line":51,"column":3}}},"2":{"name":"(anonymous_2)","decl":{"start":{"line":36,"column":51},"end":{"line":36,"column":52}},"loc":{"start":{"line":36,"column":64},"end":{"line":36,"column":76}}}},"branchMap":{"0":{"loc":{"start":{"line":25,"column":21},"end":{"line":25,"column":64}},"type":"default-arg","locations":[{"start":{"line":25,"column":62},"end":{"line":25,"column":64}}]},"1":{"loc":{"start":{"line":34,"column":12},"end":{"line":34,"column":28}},"type":"binary-expr","locations":[{"start":{"line":34,"column":12},"end":{"line":34,"column":22}},{"start":{"line":34,"column":26},"end":{"line":34,"column":28}}]},"2":{"loc":{"start":{"line":36,"column":8},"end":{"line":36,"column":77}},"type":"binary-expr","locations":[{"start":{"line":36,"column":8},"end":{"line":36,"column":22}},{"start":{"line":36,"column":26},"end":{"line":36,"column":77}}]},"3":{"loc":{"start":{"line":42,"column":6},"end":{"line":44,"column":7}},"type":"if","locations":[{"start":{"line":42,"column":6},"end":{"line":44,"column":7}},{"start":{},"end":{}}]}},"s":{"0":3,"1":3,"2":3,"3":3,"4":5,"5":5,"6":5,"7":3,"8":5,"9":5,"10":5,"11":4,"12":5,"13":5,"14":5,"15":3},"f":{"0":5,"1":5,"2":3},"b":{"0":[0],"1":[5,5],"2":[5,3],"3":[4,1]}}
,"C:\\Users\\dangq\\OneDrive\\Documents\\GitHub\\Full-Stack-E-commerce\\services\\notification-service\\src\\notification\\domain\\notification.ts": {"path":"C:\\Users\\dangq\\OneDrive\\Documents\\GitHub\\Full-Stack-E-commerce\\services\\notification-service\\src\\notification\\domain\\notification.ts","statementMap":{"0":{"start":{"line":1,"column":0},"end":{"line":1,"column":41}},"1":{"start":{"line":2,"column":0},"end":{"line":2,"column":64}},"2":{"start":{"line":29,"column":4},"end":{"line":29,"column":28}},"3":{"start":{"line":30,"column":4},"end":{"line":30,"column":36}},"4":{"start":{"line":31,"column":4},"end":{"line":31,"column":32}},"5":{"start":{"line":32,"column":4},"end":{"line":32,"column":34}},"6":{"start":{"line":33,"column":4},"end":{"line":33,"column":32}},"7":{"start":{"line":34,"column":4},"end":{"line":34,"column":32}},"8":{"start":{"line":35,"column":4},"end":{"line":35,"column":40}},"9":{"start":{"line":36,"column":4},"end":{"line":36,"column":36}},"10":{"start":{"line":37,"column":4},"end":{"line":37,"column":42}},"11":{"start":{"line":43,"column":4},"end":{"line":48,"column":7}},"12":{"start":{"line":17,"column":0},"end":{"line":17,"column":13}}},"fnMap":{"0":{"name":"(anonymous_0)","decl":{"start":{"line":28,"column":2},"end":{"line":28,"column":14}},"loc":{"start":{"line":28,"column":48},"end":{"line":38,"column":3}}},"1":{"name":"(anonymous_1)","decl":{"start":{"line":40,"column":2},"end":{"line":40,"column":8}},"loc":{"start":{"line":41,"column":75},"end":{"line":49,"column":3}}}},"branchMap":{},"s":{"0":6,"1":6,"2":10,"3":10,"4":10,"5":10,"6":10,"7":10,"8":10,"9":10,"10":10,"11":6,"12":6},"f":{"0":10,"1":6},"b":{}}
,"C:\\Users\\dangq\\OneDrive\\Documents\\GitHub\\Full-Stack-E-commerce\\services\\notification-service\\src\\notification\\infrastructure\\api-response.ts": {"path":"C:\\Users\\dangq\\OneDrive\\Documents\\GitHub\\Full-Stack-E-commerce\\services\\notification-service\\src\\notification\\infrastructure\\api-response.ts","statementMap":{"0":{"start":{"line":12,"column":6},"end":{"line":12,"column":65}},"1":{"start":{"line":13,"column":4},"end":{"line":19,"column":6}},"2":{"start":{"line":23,"column":4},"end":{"line":29,"column":6}},"3":{"start":{"line":1,"column":0},"end":{"line":1,"column":13}}},"fnMap":{"0":{"name":"(anonymous_0)","decl":{"start":{"line":10,"column":2},"end":{"line":10,"column":8}},"loc":{"start":{"line":10,"column":55},"end":{"line":20,"column":3}}},"1":{"name":"(anonymous_1)","decl":{"start":{"line":22,"column":2},"end":{"line":22,"column":8}},"loc":{"start":{"line":22,"column":49},"end":{"line":30,"column":3}}}},"branchMap":{"0":{"loc":{"start":{"line":12,"column":6},"end":{"line":12,"column":65}},"type":"binary-expr","locations":[{"start":{"line":12,"column":6},"end":{"line":12,"column":39}},{"start":{"line":12,"column":43},"end":{"line":12,"column":65}}]},"1":{"loc":{"start":{"line":15,"column":15},"end":{"line":15,"column":53}},"type":"cond-expr","locations":[{"start":{"line":15,"column":28},"end":{"line":15,"column":41}},{"start":{"line":15,"column":44},"end":{"line":15,"column":53}}]},"2":{"loc":{"start":{"line":16,"column":12},"end":{"line":16,"column":64}},"type":"cond-expr","locations":[{"start":{"line":16,"column":26},"end":{"line":16,"column":41}},{"start":{"line":16,"column":45},"end":{"line":16,"column":64}}]}},"s":{"0":9,"1":9,"2":1,"3":3},"f":{"0":9,"1":1},"b":{"0":[9,1],"1":[1,8],"2":[1,8]}}
,"C:\\Users\\dangq\\OneDrive\\Documents\\GitHub\\Full-Stack-E-commerce\\services\\notification-service\\src\\notification\\infrastructure\\notification.controller.ts": {"path":"C:\\Users\\dangq\\OneDrive\\Documents\\GitHub\\Full-Stack-E-commerce\\services\\notification-service\\src\\notification\\infrastructure\\notification.controller.ts","statementMap":{"0":{"start":{"line":1,"column":0},"end":{"line":1,"column":null}},"1":{"start":{"line":11,"column":0},"end":{"line":11,"column":94}},"2":{"start":{"line":12,"column":0},"end":{"line":12,"column":95}},"3":{"start":{"line":13,"column":0},"end":{"line":13,"column":null}},"4":{"start":{"line":17,"column":0},"end":{"line":17,"column":45}},"5":{"start":{"line":20,"column":7},"end":{"line":79,"column":null}},"6":{"start":{"line":22,"column":21},"end":{"line":22,"column":51}},"7":{"start":{"line":23,"column":21},"end":{"line":23,"column":50}},"8":{"start":{"line":24,"column":21},"end":{"line":24,"column":46}},"9":{"start":{"line":32,"column":19},"end":{"line":32,"column":46}},"10":{"start":{"line":34,"column":4},"end":{"line":38,"column":5}},"11":{"start":{"line":35,"column":6},"end":{"line":37,"column":8}},"12":{"start":{"line":40,"column":4},"end":{"line":42,"column":6}},"13":{"start":{"line":47,"column":25},"end":{"line":47,"column":75}},"14":{"start":{"line":49,"column":4},"end":{"line":51,"column":5}},"15":{"start":{"line":50,"column":6},"end":{"line":50,"column":60}},"16":{"start":{"line":53,"column":4},"end":{"line":53,"column":40}},"17":{"start":{"line":61,"column":19},"end":{"line":61,"column":46}},"18":{"start":{"line":63,"column":4},"end":{"line":67,"column":5}},"19":{"start":{"line":64,"column":6},"end":{"line":66,"column":8}},"20":{"start":{"line":69,"column":4},"end":{"line":77,"column":6}},"21":{"start":{"line":20,"column":13},"end":{"line":20,"column":35}},"22":{"start":{"line":28,"column":8},"end":{"line":43,"column":null}},"23":{"start":{"line":46,"column":8},"end":{"line":54,"column":null}},"24":{"start":{"line":57,"column":8},"end":{"line":78,"column":null}},"25":{"start":{"line":20,"column":13},"end":{"line":79,"column":null}}},"fnMap":{"0":{"name":"(anonymous_4)","decl":{"start":{"line":21,"column":2},"end":{"line":21,"column":null}},"loc":{"start":{"line":24,"column":69},"end":{"line":25,"column":6}}},"1":{"name":"(anonymous_5)","decl":{"start":{"line":28,"column":8},"end":{"line":28,"column":29}},"loc":{"start":{"line":30,"column":52},"end":{"line":43,"column":3}}},"2":{"name":"(anonymous_6)","decl":{"start":{"line":46,"column":8},"end":{"line":46,"column":16}},"loc":{"start":{"line":46,"column":40},"end":{"line":54,"column":3}}},"3":{"name":"(anonymous_7)","decl":{"start":{"line":57,"column":8},"end":{"line":57,"column":30}},"loc":{"start":{"line":59,"column":52},"end":{"line":78,"column":3}}}},"branchMap":{"0":{"loc":{"start":{"line":32,"column":19},"end":{"line":32,"column":46}},"type":"binary-expr","locations":[{"start":{"line":32,"column":19},"end":{"line":32,"column":31}},{"start":{"line":32,"column":35},"end":{"line":32,"column":46}}]},"1":{"loc":{"start":{"line":34,"column":4},"end":{"line":38,"column":5}},"type":"if","locations":[{"start":{"line":34,"column":4},"end":{"line":38,"column":5}},{"start":{},"end":{}}]},"2":{"loc":{"start":{"line":49,"column":4},"end":{"line":51,"column":5}},"type":"if","locations":[{"start":{"line":49,"column":4},"end":{"line":51,"column":5}},{"start":{},"end":{}}]},"3":{"loc":{"start":{"line":61,"column":19},"end":{"line":61,"column":46}},"type":"binary-expr","locations":[{"start":{"line":61,"column":19},"end":{"line":61,"column":31}},{"start":{"line":61,"column":35},"end":{"line":61,"column":46}}]},"4":{"loc":{"start":{"line":63,"column":4},"end":{"line":67,"column":5}},"type":"if","locations":[{"start":{"line":63,"column":4},"end":{"line":67,"column":5}},{"start":{},"end":{}}]},"5":{"loc":{"start":{"line":22,"column":51},"end":{"line":22,"column":null}},"type":"cond-expr","locations":[{"start":{"line":22,"column":79},"end":{"line":22,"column":null}},{"start":{"line":22,"column":79},"end":{"line":22,"column":null}}]},"6":{"loc":{"start":{"line":22,"column":51},"end":{"line":22,"column":79}},"type":"binary-expr","locations":[{"start":{"line":22,"column":51},"end":{"line":22,"column":null}},{"start":{"line":22,"column":51},"end":{"line":22,"column":79}}]},"7":{"loc":{"start":{"line":22,"column":79},"end":{"line":23,"column":null}},"type":"cond-expr","locations":[{"start":{"line":23,"column":77},"end":{"line":23,"column":null}},{"start":{"line":23,"column":77},"end":{"line":23,"column":null}}]},"8":{"loc":{"start":{"line":22,"column":79},"end":{"line":23,"column":77}},"type":"binary-expr","locations":[{"start":{"line":22,"column":79},"end":{"line":23,"column":null}},{"start":{"line":23,"column":50},"end":{"line":23,"column":77}}]},"9":{"loc":{"start":{"line":23,"column":77},"end":{"line":24,"column":null}},"type":"cond-expr","locations":[{"start":{"line":24,"column":69},"end":{"line":24,"column":null}},{"start":{"line":24,"column":69},"end":{"line":24,"column":null}}]},"10":{"loc":{"start":{"line":23,"column":77},"end":{"line":24,"column":69}},"type":"binary-expr","locations":[{"start":{"line":23,"column":77},"end":{"line":24,"column":null}},{"start":{"line":24,"column":46},"end":{"line":24,"column":69}}]}},"s":{"0":1,"1":1,"2":1,"3":1,"4":1,"5":1,"6":8,"7":8,"8":8,"9":3,"10":3,"11":1,"12":2,"13":2,"14":2,"15":1,"16":1,"17":3,"18":3,"19":1,"20":2,"21":1,"22":1,"23":1,"24":1,"25":1},"f":{"0":8,"1":3,"2":2,"3":3},"b":{"0":[3,2],"1":[1,2],"2":[1,1],"3":[3,2],"4":[1,2],"5":[1,0],"6":[1,1],"7":[1,0],"8":[1,1],"9":[1,0],"10":[1,1]}}
,"C:\\Users\\dangq\\OneDrive\\Documents\\GitHub\\Full-Stack-E-commerce\\services\\notification-service\\src\\notification\\infrastructure\\channel\\console-channel.adapter.ts": {"path":"C:\\Users\\dangq\\OneDrive\\Documents\\GitHub\\Full-Stack-E-commerce\\services\\notification-service\\src\\notification\\infrastructure\\channel\\console-channel.adapter.ts","statementMap":{"0":{"start":{"line":1,"column":0},"end":{"line":1,"column":52}},"1":{"start":{"line":6,"column":34},"end":{"line":16,"column":null}},"2":{"start":{"line":7,"column":18},"end":{"line":7,"column":27}},"3":{"start":{"line":8,"column":28},"end":{"line":8,"column":66}},"4":{"start":{"line":11,"column":4},"end":{"line":13,"column":6}},"5":{"start":{"line":14,"column":4},"end":{"line":14,"column":28}},"6":{"start":{"line":6,"column":13},"end":{"line":6,"column":34}},"7":{"start":{"line":6,"column":13},"end":{"line":16,"column":null}}},"fnMap":{"0":{"name":"(anonymous_1)","decl":{"start":{"line":10,"column":2},"end":{"line":10,"column":7}},"loc":{"start":{"line":10,"column":39},"end":{"line":15,"column":3}}}},"branchMap":{},"s":{"0":1,"1":1,"2":1,"3":1,"4":1,"5":1,"6":1,"7":1},"f":{"0":1},"b":{}}
,"C:\\Users\\dangq\\OneDrive\\Documents\\GitHub\\Full-Stack-E-commerce\\services\\notification-service\\src\\notification\\infrastructure\\channel\\email-channel.adapter.ts": {"path":"C:\\Users\\dangq\\OneDrive\\Documents\\GitHub\\Full-Stack-E-commerce\\services\\notification-service\\src\\notification\\infrastructure\\channel\\email-channel.adapter.ts","statementMap":{"0":{"start":{"line":1,"column":0},"end":{"line":1,"column":44}},"1":{"start":{"line":6,"column":7},"end":{"line":13,"column":null}},"2":{"start":{"line":7,"column":18},"end":{"line":7,"column":25}},"3":{"start":{"line":10,"column":4},"end":{"line":10,"column":22}},"4":{"start":{"line":11,"column":4},"end":{"line":11,"column":29}},"5":{"start":{"line":6,"column":13},"end":{"line":6,"column":32}},"6":{"start":{"line":6,"column":13},"end":{"line":13,"column":null}}},"fnMap":{"0":{"name":"(anonymous_1)","decl":{"start":{"line":9,"column":2},"end":{"line":9,"column":6}},"loc":{"start":{"line":9,"column":33},"end":{"line":12,"column":3}}}},"branchMap":{},"s":{"0":1,"1":1,"2":1,"3":1,"4":1,"5":1,"6":1},"f":{"0":1},"b":{}}
}
