TN:
SF:src\app.controller.ts
FN:7,(anonymous_2)
FNF:1
FNH:1
FNDA:1,(anonymous_2)
DA:1,1
DA:2,1
DA:5,1
DA:7,1
DA:8,1
LF:5
LH:5
BRDA:7,0,0,1
BRDA:7,0,1,0
BRDA:7,1,0,1
BRDA:7,1,1,1
BRF:4
BRH:3
end_of_record
TN:
SF:src\notification\application\find-notification-by-id.use-case.ts
FN:5,(anonymous_0)
FN:7,(anonymous_1)
FNF:2
FNH:2
FNDA:1,(anonymous_0)
FNDA:2,(anonymous_1)
DA:4,2
DA:5,1
DA:8,2
LF:3
LH:3
BRF:0
BRH:0
end_of_record
TN:
SF:src\notification\application\find-user-notifications.use-case.ts
FN:5,(anonymous_0)
FN:7,(anonymous_1)
FNF:2
FNH:2
FNDA:1,(anonymous_0)
FNDA:2,(anonymous_1)
DA:4,2
DA:5,1
DA:8,2
LF:3
LH:3
BRF:0
BRH:0
end_of_record
TN:
SF:src\notification\application\kafka-notification.consumer.ts
FN:18,(anonymous_4)
FN:23,(anonymous_5)
FN:27,(anonymous_6)
FN:38,(anonymous_7)
FN:42,(anonymous_8)
FN:53,(anonymous_9)
FN:57,(anonymous_10)
FN:68,(anonymous_11)
FN:72,(anonymous_12)
FN:82,(anonymous_13)
FN:95,(anonymous_14)
FN:104,(anonymous_15)
FN:111,(anonymous_16)
FN:115,(anonymous_17)
FNF:14
FNH:14
FNDA:4,(anonymous_4)
FNDA:2,(anonymous_5)
FNDA:2,(anonymous_6)
FNDA:1,(anonymous_7)
FNDA:1,(anonymous_8)
FNDA:1,(anonymous_9)
FNDA:1,(anonymous_10)
FNDA:1,(anonymous_11)
FNDA:1,(anonymous_12)
FNDA:5,(anonymous_13)
FNDA:5,(anonymous_14)
FNDA:5,(anonymous_15)
FNDA:10,(anonymous_16)
FNDA:5,(anonymous_17)
DA:1,1
DA:2,1
DA:3,1
DA:4,1
DA:5,1
DA:17,1
DA:19,4
DA:23,1
DA:27,2
DA:28,2
DA:38,1
DA:42,1
DA:43,1
DA:53,1
DA:57,1
DA:58,1
DA:68,1
DA:72,1
DA:73,1
DA:87,5
DA:88,5
DA:93,5
DA:96,5
DA:97,5
DA:99,5
DA:110,5
DA:111,10
DA:114,5
DA:116,5
LF:29
LH:29
BRDA:25,0,0,1
BRDA:25,0,1,0
BRDA:25,1,0,1
BRDA:25,1,1,1
BRDA:26,2,0,1
BRDA:26,2,1,0
BRDA:26,3,0,1
BRDA:26,3,1,1
BRDA:40,4,0,1
BRDA:40,4,1,0
BRDA:40,5,0,1
BRDA:40,5,1,1
BRDA:41,6,0,1
BRDA:41,6,1,0
BRDA:41,7,0,1
BRDA:41,7,1,1
BRDA:55,8,0,1
BRDA:55,8,1,0
BRDA:55,9,0,1
BRDA:55,9,1,1
BRDA:56,10,0,1
BRDA:56,10,1,0
BRDA:56,11,0,1
BRDA:56,11,1,1
BRDA:70,12,0,1
BRDA:70,12,1,0
BRDA:70,13,0,1
BRDA:70,13,1,1
BRDA:71,14,0,1
BRDA:71,14,1,0
BRDA:71,15,0,1
BRDA:71,15,1,1
BRDA:19,16,0,1
BRDA:19,16,1,0
BRDA:19,17,0,1
BRDA:19,17,1,1
BRF:36
BRH:27
end_of_record
TN:
SF:src\notification\application\send-notification.use-case.ts
FN:23,(anonymous_0)
FN:28,(anonymous_1)
FN:36,(anonymous_2)
FNF:3
FNH:3
FNDA:5,(anonymous_0)
FNDA:5,(anonymous_1)
FNDA:3,(anonymous_2)
DA:1,3
DA:2,3
DA:3,3
DA:6,3
DA:22,3
DA:24,5
DA:25,5
DA:29,5
DA:36,3
DA:39,5
DA:41,5
DA:42,5
DA:43,4
DA:47,5
DA:48,5
DA:50,5
LF:16
LH:16
BRDA:25,0,0,0
BRDA:34,1,0,5
BRDA:34,1,1,5
BRDA:36,2,0,5
BRDA:36,2,1,3
BRDA:42,3,0,4
BRDA:42,3,1,1
BRF:7
BRH:6
end_of_record
TN:
SF:src\notification\domain\notification.ts
FN:28,(anonymous_0)
FN:40,(anonymous_1)
FNF:2
FNH:2
FNDA:10,(anonymous_0)
FNDA:6,(anonymous_1)
DA:1,6
DA:2,6
DA:17,6
DA:29,10
DA:30,10
DA:31,10
DA:32,10
DA:33,10
DA:34,10
DA:35,10
DA:36,10
DA:37,10
DA:43,6
LF:13
LH:13
BRF:0
BRH:0
end_of_record
TN:
SF:src\notification\infrastructure\api-response.ts
FN:10,(anonymous_0)
FN:22,(anonymous_1)
FNF:2
FNH:2
FNDA:9,(anonymous_0)
FNDA:1,(anonymous_1)
DA:1,3
DA:12,9
DA:13,9
DA:23,1
LF:4
LH:4
BRDA:12,0,0,9
BRDA:12,0,1,1
BRDA:15,1,0,1
BRDA:15,1,1,8
BRDA:16,2,0,1
BRDA:16,2,1,8
BRF:6
BRH:6
end_of_record
TN:
SF:src\notification\infrastructure\notification.controller.ts
FN:21,(anonymous_4)
FN:28,(anonymous_5)
FN:46,(anonymous_6)
FN:57,(anonymous_7)
FNF:4
FNH:4
FNDA:8,(anonymous_4)
FNDA:3,(anonymous_5)
FNDA:2,(anonymous_6)
FNDA:3,(anonymous_7)
DA:1,1
DA:11,1
DA:12,1
DA:13,1
DA:17,1
DA:20,1
DA:22,8
DA:23,8
DA:24,8
DA:28,1
DA:32,3
DA:34,3
DA:35,1
DA:40,2
DA:46,1
DA:47,2
DA:49,2
DA:50,1
DA:53,1
DA:57,1
DA:61,3
DA:63,3
DA:64,1
DA:69,2
LF:24
LH:24
BRDA:32,0,0,3
BRDA:32,0,1,2
BRDA:34,1,0,1
BRDA:34,1,1,2
BRDA:49,2,0,1
BRDA:49,2,1,1
BRDA:61,3,0,3
BRDA:61,3,1,2
BRDA:63,4,0,1
BRDA:63,4,1,2
BRDA:22,5,0,1
BRDA:22,5,1,0
BRDA:22,6,0,1
BRDA:22,6,1,1
BRDA:22,7,0,1
BRDA:22,7,1,0
BRDA:22,8,0,1
BRDA:22,8,1,1
BRDA:23,9,0,1
BRDA:23,9,1,0
BRDA:23,10,0,1
BRDA:23,10,1,1
BRF:22
BRH:19
end_of_record
TN:
SF:src\notification\infrastructure\channel\console-channel.adapter.ts
FN:10,(anonymous_1)
FNF:1
FNH:1
FNDA:1,(anonymous_1)
DA:1,1
DA:6,1
DA:7,1
DA:8,1
DA:11,1
DA:14,1
LF:6
LH:6
BRF:0
BRH:0
end_of_record
TN:
SF:src\notification\infrastructure\channel\email-channel.adapter.ts
FN:9,(anonymous_1)
FNF:1
FNH:1
FNDA:1,(anonymous_1)
DA:1,1
DA:6,1
DA:7,1
DA:10,1
DA:11,1
LF:5
LH:5
BRF:0
BRH:0
end_of_record
