<?xml version="1.0" encoding="UTF-8"?>
<coverage generated="1778839940042" clover="3.2.0">
  <project timestamp="1778839940042" name="All files">
    <metrics statements="111" coveredstatements="79" conditionals="30" coveredconditionals="15" methods="39" coveredmethods="27" elements="180" coveredelements="121" complexity="0" loc="111" ncloc="111" packages="1" files="12" classes="12"/>
    <file name="cart-domain.exception.ts" path="C:\Users\dangq\OneDrive\Documents\GitHub\Full-Stack-E-commerce\services\cart-service\src\cart\domain\cart-domain.exception.ts">
      <metrics statements="4" coveredstatements="4" conditionals="0" coveredconditionals="0" methods="1" coveredmethods="1"/>
      <line num="1" count="1" type="stmt"/>
      <line num="2" count="2" type="stmt"/>
      <line num="3" count="2" type="stmt"/>
      <line num="4" count="2" type="stmt"/>
    </file>
    <file name="cart-expiration-policy.ts" path="C:\Users\dangq\OneDrive\Documents\GitHub\Full-Stack-E-commerce\services\cart-service\src\cart\domain\cart-expiration-policy.ts">
      <metrics statements="2" coveredstatements="0" conditionals="0" coveredconditionals="0" methods="0" coveredmethods="0"/>
      <line num="1" count="0" type="stmt"/>
      <line num="2" count="0" type="stmt"/>
    </file>
    <file name="cart-full.exception.ts" path="C:\Users\dangq\OneDrive\Documents\GitHub\Full-Stack-E-commerce\services\cart-service\src\cart\domain\cart-full.exception.ts">
      <metrics statements="3" coveredstatements="2" conditionals="0" coveredconditionals="0" methods="1" coveredmethods="0"/>
      <line num="1" count="1" type="stmt"/>
      <line num="3" count="1" type="stmt"/>
      <line num="5" count="0" type="stmt"/>
    </file>
    <file name="cart-item-limit-exceeded.exception.ts" path="C:\Users\dangq\OneDrive\Documents\GitHub\Full-Stack-E-commerce\services\cart-service\src\cart\domain\cart-item-limit-exceeded.exception.ts">
      <metrics statements="3" coveredstatements="3" conditionals="0" coveredconditionals="0" methods="1" coveredmethods="1"/>
      <line num="1" count="1" type="stmt"/>
      <line num="3" count="1" type="stmt"/>
      <line num="5" count="1" type="stmt"/>
    </file>
    <file name="cart-item-not-found.exception.ts" path="C:\Users\dangq\OneDrive\Documents\GitHub\Full-Stack-E-commerce\services\cart-service\src\cart\domain\cart-item-not-found.exception.ts">
      <metrics statements="3" coveredstatements="3" conditionals="0" coveredconditionals="0" methods="1" coveredmethods="1"/>
      <line num="1" count="1" type="stmt"/>
      <line num="3" count="1" type="stmt"/>
      <line num="5" count="1" type="stmt"/>
    </file>
    <file name="cart-item.ts" path="C:\Users\dangq\OneDrive\Documents\GitHub\Full-Stack-E-commerce\services\cart-service\src\cart\domain\cart-item.ts">
      <metrics statements="17" coveredstatements="14" conditionals="4" coveredconditionals="2" methods="6" coveredmethods="5"/>
      <line num="1" count="1" type="stmt"/>
      <line num="4" count="1" type="stmt"/>
      <line num="6" count="4" type="stmt"/>
      <line num="7" count="4" type="stmt"/>
      <line num="8" count="4" type="stmt"/>
      <line num="9" count="4" type="stmt"/>
      <line num="10" count="4" type="stmt"/>
      <line num="11" count="4" type="stmt"/>
      <line num="21" count="4" type="cond" truecount="1" falsecount="1"/>
      <line num="22" count="0" type="stmt"/>
      <line num="27" count="4" type="cond" truecount="1" falsecount="1"/>
      <line num="28" count="0" type="stmt"/>
      <line num="31" count="4" type="stmt"/>
      <line num="49" count="0" type="stmt"/>
      <line num="60" count="7" type="stmt"/>
      <line num="64" count="1" type="stmt"/>
      <line num="68" count="1" type="stmt"/>
    </file>
    <file name="cart-repository.token.ts" path="C:\Users\dangq\OneDrive\Documents\GitHub\Full-Stack-E-commerce\services\cart-service\src\cart\domain\cart-repository.token.ts">
      <metrics statements="1" coveredstatements="0" conditionals="0" coveredconditionals="0" methods="0" coveredmethods="0"/>
      <line num="1" count="0" type="stmt"/>
    </file>
    <file name="cart.ts" path="C:\Users\dangq\OneDrive\Documents\GitHub\Full-Stack-E-commerce\services\cart-service\src\cart\domain\cart.ts">
      <metrics statements="53" coveredstatements="37" conditionals="18" coveredconditionals="10" methods="18" coveredmethods="13"/>
      <line num="1" count="1" type="stmt"/>
      <line num="2" count="1" type="stmt"/>
      <line num="3" count="1" type="stmt"/>
      <line num="4" count="1" type="stmt"/>
      <line num="6" count="1" type="stmt"/>
      <line num="8" count="1" type="stmt"/>
      <line num="9" count="1" type="stmt"/>
      <line num="10" count="1" type="stmt"/>
      <line num="13" count="4" type="stmt"/>
      <line num="14" count="4" type="stmt"/>
      <line num="15" count="4" type="stmt"/>
      <line num="19" count="4" type="cond" truecount="1" falsecount="1"/>
      <line num="20" count="0" type="stmt"/>
      <line num="23" count="4" type="stmt"/>
      <line num="31" count="0" type="stmt"/>
      <line num="35" count="0" type="stmt"/>
      <line num="39" count="0" type="stmt"/>
      <line num="43" count="1" type="stmt"/>
      <line num="47" count="1" type="stmt"/>
      <line num="51" count="1" type="stmt"/>
      <line num="52" count="1" type="stmt"/>
      <line num="58" count="1" type="stmt"/>
      <line num="62" count="4" type="stmt"/>
      <line num="63" count="1" type="stmt"/>
      <line num="66" count="4" type="cond" truecount="2" falsecount="0"/>
      <line num="67" count="1" type="stmt"/>
      <line num="68" count="1" type="cond" truecount="1" falsecount="1"/>
      <line num="69" count="0" type="stmt"/>
      <line num="76" count="1" type="stmt"/>
      <line num="78" count="3" type="cond" truecount="1" falsecount="1"/>
      <line num="79" count="0" type="stmt"/>
      <line num="82" count="3" type="cond" truecount="2" falsecount="0"/>
      <line num="83" count="1" type="stmt"/>
      <line num="90" count="2" type="stmt"/>
      <line num="93" count="3" type="stmt"/>
      <line num="97" count="2" type="stmt"/>
      <line num="98" count="2" type="stmt"/>
      <line num="100" count="2" type="cond" truecount="2" falsecount="0"/>
      <line num="101" count="1" type="stmt"/>
      <line num="104" count="1" type="stmt"/>
      <line num="108" count="1" type="cond" truecount="1" falsecount="1"/>
      <line num="109" count="1" type="stmt"/>
      <line num="110" count="1" type="stmt"/>
      <line num="113" count="0" type="cond" truecount="0" falsecount="2"/>
      <line num="114" count="0" type="stmt"/>
      <line num="121" count="0" type="stmt"/>
      <line num="122" count="0" type="stmt"/>
      <line num="124" count="0" type="cond" truecount="0" falsecount="2"/>
      <line num="125" count="0" type="stmt"/>
      <line num="128" count="0" type="stmt"/>
      <line num="129" count="0" type="stmt"/>
      <line num="133" count="0" type="stmt"/>
      <line num="134" count="0" type="stmt"/>
    </file>
    <file name="currency-mismatch.exception.ts" path="C:\Users\dangq\OneDrive\Documents\GitHub\Full-Stack-E-commerce\services\cart-service\src\cart\domain\currency-mismatch.exception.ts">
      <metrics statements="3" coveredstatements="2" conditionals="0" coveredconditionals="0" methods="1" coveredmethods="0"/>
      <line num="1" count="1" type="stmt"/>
      <line num="3" count="1" type="stmt"/>
      <line num="5" count="0" type="stmt"/>
    </file>
    <file name="invalid-cart-operation.exception.ts" path="C:\Users\dangq\OneDrive\Documents\GitHub\Full-Stack-E-commerce\services\cart-service\src\cart\domain\invalid-cart-operation.exception.ts">
      <metrics statements="3" coveredstatements="2" conditionals="0" coveredconditionals="0" methods="1" coveredmethods="0"/>
      <line num="1" count="1" type="stmt"/>
      <line num="3" count="1" type="stmt"/>
      <line num="5" count="0" type="stmt"/>
    </file>
    <file name="money.ts" path="C:\Users\dangq\OneDrive\Documents\GitHub\Full-Stack-E-commerce\services\cart-service\src\cart\domain\money.ts">
      <metrics statements="16" coveredstatements="12" conditionals="8" coveredconditionals="3" methods="8" coveredmethods="6"/>
      <line num="1" count="1" type="stmt"/>
      <line num="2" count="1" type="stmt"/>
      <line num="4" count="1" type="stmt"/>
      <line num="6" count="7" type="stmt"/>
      <line num="7" count="7" type="stmt"/>
      <line num="11" count="4" type="cond" truecount="1" falsecount="1"/>
      <line num="12" count="0" type="stmt"/>
      <line num="17" count="4" type="stmt"/>
      <line num="21" count="1" type="stmt"/>
      <line num="25" count="1" type="stmt"/>
      <line num="29" count="0" type="stmt"/>
      <line num="33" count="1" type="cond" truecount="1" falsecount="1"/>
      <line num="34" count="0" type="stmt"/>
      <line num="37" count="1" type="stmt"/>
      <line num="41" count="1" type="stmt"/>
      <line num="45" count="0" type="cond" truecount="0" falsecount="2"/>
    </file>
    <file name="product-not-found.exception.ts" path="C:\Users\dangq\OneDrive\Documents\GitHub\Full-Stack-E-commerce\services\cart-service\src\cart\domain\product-not-found.exception.ts">
      <metrics statements="3" coveredstatements="0" conditionals="0" coveredconditionals="0" methods="1" coveredmethods="0"/>
      <line num="1" count="0" type="stmt"/>
      <line num="3" count="0" type="stmt"/>
      <line num="5" count="0" type="stmt"/>
    </file>
  </project>
</coverage>
