{"C:\\Users\\dangq\\OneDrive\\Documents\\GitHub\\Full-Stack-E-commerce\\services\\cart-service\\src\\app.controller.ts": {"path":"C:\\Users\\dangq\\OneDrive\\Documents\\GitHub\\Full-Stack-E-commerce\\services\\cart-service\\src\\app.controller.ts","statementMap":{"0":{"start":{"line":1,"column":0},"end":{"line":1,"column":49}},"1":{"start":{"line":4,"column":7},"end":{"line":9,"column":null}},"2":{"start":{"line":7,"column":4},"end":{"line":7,"column":28}},"3":{"start":{"line":4,"column":13},"end":{"line":4,"column":26}},"4":{"start":{"line":6,"column":2},"end":{"line":8,"column":null}},"5":{"start":{"line":4,"column":13},"end":{"line":9,"column":null}}},"fnMap":{"0":{"name":"(anonymous_2)","decl":{"start":{"line":6,"column":2},"end":{"line":6,"column":8}},"loc":{"start":{"line":6,"column":8},"end":{"line":8,"column":3}}}},"branchMap":{},"s":{"0":0,"1":0,"2":0,"3":0,"4":0,"5":0},"f":{"0":0},"b":{}}
,"C:\\Users\\dangq\\OneDrive\\Documents\\GitHub\\Full-Stack-E-commerce\\services\\cart-service\\src\\app.module.ts": {"path":"C:\\Users\\dangq\\OneDrive\\Documents\\GitHub\\Full-Stack-E-commerce\\services\\cart-service\\src\\app.module.ts","statementMap":{"0":{"start":{"line":1,"column":0},"end":{"line":1,"column":40}},"1":{"start":{"line":2,"column":0},"end":{"line":2,"column":46}},"2":{"start":{"line":3,"column":0},"end":{"line":3,"column":49}},"3":{"start":{"line":4,"column":0},"end":{"line":4,"column":48}},"4":{"start":{"line":10,"column":7},"end":{"line":10,"column":null}},"5":{"start":{"line":10,"column":13},"end":{"line":10,"column":22}},"6":{"start":{"line":10,"column":13},"end":{"line":10,"column":null}}},"fnMap":{},"branchMap":{},"s":{"0":0,"1":0,"2":0,"3":0,"4":0,"5":0,"6":0},"f":{},"b":{}}
,"C:\\Users\\dangq\\OneDrive\\Documents\\GitHub\\Full-Stack-E-commerce\\services\\cart-service\\src\\cart\\cart.module.ts": {"path":"C:\\Users\\dangq\\OneDrive\\Documents\\GitHub\\Full-Stack-E-commerce\\services\\cart-service\\src\\cart\\cart.module.ts","statementMap":{"0":{"start":{"line":1,"column":0},"end":{"line":1,"column":40}},"1":{"start":{"line":2,"column":0},"end":{"line":2,"column":47}},"2":{"start":{"line":3,"column":0},"end":{"line":3,"column":28}},"3":{"start":{"line":4,"column":0},"end":{"line":4,"column":70}},"4":{"start":{"line":5,"column":0},"end":{"line":5,"column":69}},"5":{"start":{"line":7,"column":0},"end":{"line":7,"column":68}},"6":{"start":{"line":8,"column":0},"end":{"line":8,"column":80}},"7":{"start":{"line":9,"column":0},"end":{"line":9,"column":80}},"8":{"start":{"line":10,"column":0},"end":{"line":10,"column":67}},"9":{"start":{"line":12,"column":0},"end":{"line":12,"column":65}},"10":{"start":{"line":13,"column":0},"end":{"line":13,"column":66}},"11":{"start":{"line":14,"column":0},"end":{"line":14,"column":77}},"12":{"start":{"line":15,"column":0},"end":{"line":15,"column":88}},"13":{"start":{"line":16,"column":0},"end":{"line":16,"column":52}},"14":{"start":{"line":80,"column":7},"end":{"line":80,"column":null}},"15":{"start":{"line":80,"column":13},"end":{"line":80,"column":23}},"16":{"start":{"line":80,"column":13},"end":{"line":80,"column":null}},"17":{"start":{"line":24,"column":8},"end":{"line":29,"column":10}},"18":{"start":{"line":35,"column":8},"end":{"line":35,"column":38}},"19":{"start":{"line":41,"column":8},"end":{"line":42,"column":null}},"20":{"start":{"line":51,"column":29},"end":{"line":51,"column":76}},"21":{"start":{"line":57,"column":8},"end":{"line":57,"column":39}},"22":{"start":{"line":63,"column":8},"end":{"line":63,"column":45}},"23":{"start":{"line":69,"column":8},"end":{"line":69,"column":45}},"24":{"start":{"line":75,"column":8},"end":{"line":75,"column":40}}},"fnMap":{"0":{"name":"(anonymous_2)","decl":{"start":{"line":23,"column":18},"end":{"line":23,"column":19}},"loc":{"start":{"line":24,"column":8},"end":{"line":29,"column":10}}},"1":{"name":"(anonymous_3)","decl":{"start":{"line":34,"column":18},"end":{"line":34,"column":19}},"loc":{"start":{"line":35,"column":8},"end":{"line":35,"column":38}}},"2":{"name":"(anonymous_4)","decl":{"start":{"line":40,"column":18},"end":{"line":40,"column":19}},"loc":{"start":{"line":41,"column":8},"end":{"line":42,"column":null}}},"3":{"name":"(anonymous_5)","decl":{"start":{"line":48,"column":18},"end":{"line":48,"column":null}},"loc":{"start":{"line":51,"column":29},"end":{"line":51,"column":76}}},"4":{"name":"(anonymous_6)","decl":{"start":{"line":56,"column":18},"end":{"line":56,"column":19}},"loc":{"start":{"line":57,"column":8},"end":{"line":57,"column":39}}},"5":{"name":"(anonymous_7)","decl":{"start":{"line":62,"column":18},"end":{"line":62,"column":19}},"loc":{"start":{"line":63,"column":8},"end":{"line":63,"column":45}}},"6":{"name":"(anonymous_8)","decl":{"start":{"line":68,"column":18},"end":{"line":68,"column":19}},"loc":{"start":{"line":69,"column":8},"end":{"line":69,"column":45}}},"7":{"name":"(anonymous_9)","decl":{"start":{"line":74,"column":18},"end":{"line":74,"column":19}},"loc":{"start":{"line":75,"column":8},"end":{"line":75,"column":40}}}},"branchMap":{"0":{"loc":{"start":{"line":25,"column":16},"end":{"line":25,"column":70}},"type":"binary-expr","locations":[{"start":{"line":25,"column":16},"end":{"line":25,"column":55}},{"start":{"line":25,"column":59},"end":{"line":25,"column":70}}]},"1":{"loc":{"start":{"line":26,"column":23},"end":{"line":26,"column":70}},"type":"binary-expr","locations":[{"start":{"line":26,"column":23},"end":{"line":26,"column":62}},{"start":{"line":26,"column":66},"end":{"line":26,"column":70}}]},"2":{"loc":{"start":{"line":27,"column":20},"end":{"line":27,"column":76}},"type":"binary-expr","locations":[{"start":{"line":27,"column":20},"end":{"line":27,"column":63}},{"start":{"line":27,"column":67},"end":{"line":27,"column":76}}]},"3":{"loc":{"start":{"line":28,"column":21},"end":{"line":28,"column":63}},"type":"binary-expr","locations":[{"start":{"line":28,"column":21},"end":{"line":28,"column":58}},{"start":{"line":28,"column":62},"end":{"line":28,"column":63}}]}},"s":{"0":0,"1":0,"2":0,"3":0,"4":0,"5":0,"6":0,"7":0,"8":0,"9":0,"10":0,"11":0,"12":0,"13":0,"14":0,"15":0,"16":0,"17":0,"18":0,"19":0,"20":0,"21":0,"22":0,"23":0,"24":0},"f":{"0":0,"1":0,"2":0,"3":0,"4":0,"5":0,"6":0,"7":0},"b":{"0":[0,0],"1":[0,0],"2":[0,0],"3":[0,0]}}
,"C:\\Users\\dangq\\OneDrive\\Documents\\GitHub\\Full-Stack-E-commerce\\services\\cart-service\\src\\cart\\redis-client.token.ts": {"path":"C:\\Users\\dangq\\OneDrive\\Documents\\GitHub\\Full-Stack-E-commerce\\services\\cart-service\\src\\cart\\redis-client.token.ts","statementMap":{"0":{"start":{"line":1,"column":13},"end":{"line":1,"column":51}}},"fnMap":{},"branchMap":{},"s":{"0":0},"f":{},"b":{}}
,"C:\\Users\\dangq\\OneDrive\\Documents\\GitHub\\Full-Stack-E-commerce\\services\\cart-service\\src\\cart\\application\\add-to-cart.use-case.ts": {"path":"C:\\Users\\dangq\\OneDrive\\Documents\\GitHub\\Full-Stack-E-commerce\\services\\cart-service\\src\\cart\\application\\add-to-cart.use-case.ts","statementMap":{"0":{"start":{"line":1,"column":0},"end":{"line":1,"column":38}},"1":{"start":{"line":2,"column":0},"end":{"line":2,"column":47}},"2":{"start":{"line":3,"column":0},"end":{"line":3,"column":72}},"3":{"start":{"line":7,"column":0},"end":{"line":7,"column":56}},"4":{"start":{"line":12,"column":21},"end":{"line":12,"column":51}},"5":{"start":{"line":13,"column":21},"end":{"line":13,"column":53}},"6":{"start":{"line":18,"column":6},"end":{"line":19,"column":33}},"7":{"start":{"line":20,"column":21},"end":{"line":20,"column":76}},"8":{"start":{"line":21,"column":17},"end":{"line":26,"column":null}},"9":{"start":{"line":29,"column":4},"end":{"line":29,"column":23}},"10":{"start":{"line":30,"column":4},"end":{"line":30,"column":75}},"11":{"start":{"line":32,"column":4},"end":{"line":32,"column":32}},"12":{"start":{"line":10,"column":0},"end":{"line":10,"column":13}}},"fnMap":{"0":{"name":"(anonymous_0)","decl":{"start":{"line":11,"column":2},"end":{"line":11,"column":null}},"loc":{"start":{"line":13,"column":53},"end":{"line":14,"column":6}}},"1":{"name":"(anonymous_1)","decl":{"start":{"line":16,"column":2},"end":{"line":16,"column":7}},"loc":{"start":{"line":16,"column":41},"end":{"line":33,"column":3}}}},"branchMap":{"0":{"loc":{"start":{"line":18,"column":6},"end":{"line":19,"column":33}},"type":"binary-expr","locations":[{"start":{"line":18,"column":7},"end":{"line":18,"column":61}},{"start":{"line":19,"column":6},"end":{"line":19,"column":33}}]}},"s":{"0":0,"1":0,"2":0,"3":0,"4":0,"5":0,"6":0,"7":0,"8":0,"9":0,"10":0,"11":0,"12":0},"f":{"0":0,"1":0},"b":{"0":[0,0]}}
,"C:\\Users\\dangq\\OneDrive\\Documents\\GitHub\\Full-Stack-E-commerce\\services\\cart-service\\src\\cart\\application\\cart-response.mapper.ts": {"path":"C:\\Users\\dangq\\OneDrive\\Documents\\GitHub\\Full-Stack-E-commerce\\services\\cart-service\\src\\cart\\application\\cart-response.mapper.ts","statementMap":{"0":{"start":{"line":27,"column":0},"end":{"line":27,"column":16}},"1":{"start":{"line":9,"column":2},"end":{"line":12,"column":4}},"2":{"start":{"line":16,"column":2},"end":{"line":24,"column":4}},"3":{"start":{"line":28,"column":2},"end":{"line":35,"column":4}}},"fnMap":{"0":{"name":"toMoneyResponse","decl":{"start":{"line":8,"column":9},"end":{"line":8,"column":24}},"loc":{"start":{"line":8,"column":37},"end":{"line":13,"column":1}}},"1":{"name":"toCartItemResponse","decl":{"start":{"line":15,"column":9},"end":{"line":15,"column":27}},"loc":{"start":{"line":15,"column":42},"end":{"line":25,"column":1}}},"2":{"name":"toCartResponse","decl":{"start":{"line":27,"column":16},"end":{"line":27,"column":30}},"loc":{"start":{"line":27,"column":41},"end":{"line":36,"column":1}}}},"branchMap":{},"s":{"0":0,"1":0,"2":0,"3":0},"f":{"0":0,"1":0,"2":0},"b":{}}
,"C:\\Users\\dangq\\OneDrive\\Documents\\GitHub\\Full-Stack-E-commerce\\services\\cart-service\\src\\cart\\application\\clear-cart.use-case.ts": {"path":"C:\\Users\\dangq\\OneDrive\\Documents\\GitHub\\Full-Stack-E-commerce\\services\\cart-service\\src\\cart\\application\\clear-cart.use-case.ts","statementMap":{"0":{"start":{"line":4,"column":31},"end":{"line":4,"column":61}},"1":{"start":{"line":7,"column":4},"end":{"line":7,"column":45}},"2":{"start":{"line":3,"column":0},"end":{"line":3,"column":13}}},"fnMap":{"0":{"name":"(anonymous_0)","decl":{"start":{"line":4,"column":2},"end":{"line":4,"column":31}},"loc":{"start":{"line":4,"column":61},"end":{"line":4,"column":65}}},"1":{"name":"(anonymous_1)","decl":{"start":{"line":6,"column":2},"end":{"line":6,"column":7}},"loc":{"start":{"line":6,"column":30},"end":{"line":8,"column":3}}}},"branchMap":{},"s":{"0":0,"1":0,"2":0},"f":{"0":0,"1":0},"b":{}}
,"C:\\Users\\dangq\\OneDrive\\Documents\\GitHub\\Full-Stack-E-commerce\\services\\cart-service\\src\\cart\\application\\product-client.token.ts": {"path":"C:\\Users\\dangq\\OneDrive\\Documents\\GitHub\\Full-Stack-E-commerce\\services\\cart-service\\src\\cart\\application\\product-client.token.ts","statementMap":{"0":{"start":{"line":1,"column":13},"end":{"line":1,"column":55}}},"fnMap":{},"branchMap":{},"s":{"0":0},"f":{},"b":{}}
,"C:\\Users\\dangq\\OneDrive\\Documents\\GitHub\\Full-Stack-E-commerce\\services\\cart-service\\src\\cart\\application\\remove-cart-item.use-case.ts": {"path":"C:\\Users\\dangq\\OneDrive\\Documents\\GitHub\\Full-Stack-E-commerce\\services\\cart-service\\src\\cart\\application\\remove-cart-item.use-case.ts","statementMap":{"0":{"start":{"line":1,"column":0},"end":{"line":1,"column":38}},"1":{"start":{"line":2,"column":0},"end":{"line":2,"column":72}},"2":{"start":{"line":5,"column":0},"end":{"line":5,"column":56}},"3":{"start":{"line":9,"column":31},"end":{"line":9,"column":61}},"4":{"start":{"line":13,"column":6},"end":{"line":14,"column":33}},"5":{"start":{"line":16,"column":4},"end":{"line":16,"column":39}},"6":{"start":{"line":17,"column":4},"end":{"line":17,"column":75}},"7":{"start":{"line":19,"column":4},"end":{"line":19,"column":32}},"8":{"start":{"line":8,"column":0},"end":{"line":8,"column":13}}},"fnMap":{"0":{"name":"(anonymous_0)","decl":{"start":{"line":9,"column":2},"end":{"line":9,"column":31}},"loc":{"start":{"line":9,"column":61},"end":{"line":9,"column":65}}},"1":{"name":"(anonymous_1)","decl":{"start":{"line":11,"column":2},"end":{"line":11,"column":7}},"loc":{"start":{"line":11,"column":46},"end":{"line":20,"column":3}}}},"branchMap":{"0":{"loc":{"start":{"line":13,"column":6},"end":{"line":14,"column":33}},"type":"binary-expr","locations":[{"start":{"line":13,"column":7},"end":{"line":13,"column":61}},{"start":{"line":14,"column":6},"end":{"line":14,"column":33}}]}},"s":{"0":0,"1":0,"2":0,"3":0,"4":0,"5":0,"6":0,"7":0,"8":0},"f":{"0":0,"1":0},"b":{"0":[0,0]}}
,"C:\\Users\\dangq\\OneDrive\\Documents\\GitHub\\Full-Stack-E-commerce\\services\\cart-service\\src\\cart\\application\\update-cart-item.use-case.ts": {"path":"C:\\Users\\dangq\\OneDrive\\Documents\\GitHub\\Full-Stack-E-commerce\\services\\cart-service\\src\\cart\\application\\update-cart-item.use-case.ts","statementMap":{"0":{"start":{"line":1,"column":0},"end":{"line":1,"column":38}},"1":{"start":{"line":2,"column":0},"end":{"line":2,"column":72}},"2":{"start":{"line":5,"column":0},"end":{"line":5,"column":56}},"3":{"start":{"line":9,"column":31},"end":{"line":9,"column":61}},"4":{"start":{"line":13,"column":6},"end":{"line":14,"column":33}},"5":{"start":{"line":16,"column":4},"end":{"line":16,"column":65}},"6":{"start":{"line":17,"column":4},"end":{"line":17,"column":75}},"7":{"start":{"line":19,"column":4},"end":{"line":19,"column":32}},"8":{"start":{"line":8,"column":0},"end":{"line":8,"column":13}}},"fnMap":{"0":{"name":"(anonymous_0)","decl":{"start":{"line":9,"column":2},"end":{"line":9,"column":31}},"loc":{"start":{"line":9,"column":61},"end":{"line":9,"column":65}}},"1":{"name":"(anonymous_1)","decl":{"start":{"line":11,"column":2},"end":{"line":11,"column":7}},"loc":{"start":{"line":11,"column":46},"end":{"line":20,"column":3}}}},"branchMap":{"0":{"loc":{"start":{"line":13,"column":6},"end":{"line":14,"column":33}},"type":"binary-expr","locations":[{"start":{"line":13,"column":7},"end":{"line":13,"column":61}},{"start":{"line":14,"column":6},"end":{"line":14,"column":33}}]}},"s":{"0":0,"1":0,"2":0,"3":0,"4":0,"5":0,"6":0,"7":0,"8":0},"f":{"0":0,"1":0},"b":{"0":[0,0]}}
,"C:\\Users\\dangq\\OneDrive\\Documents\\GitHub\\Full-Stack-E-commerce\\services\\cart-service\\src\\cart\\application\\view-cart.use-case.ts": {"path":"C:\\Users\\dangq\\OneDrive\\Documents\\GitHub\\Full-Stack-E-commerce\\services\\cart-service\\src\\cart\\application\\view-cart.use-case.ts","statementMap":{"0":{"start":{"line":1,"column":0},"end":{"line":1,"column":38}},"1":{"start":{"line":3,"column":0},"end":{"line":3,"column":56}},"2":{"start":{"line":7,"column":31},"end":{"line":7,"column":61}},"3":{"start":{"line":11,"column":6},"end":{"line":11,"column":77}},"4":{"start":{"line":12,"column":4},"end":{"line":12,"column":32}},"5":{"start":{"line":6,"column":0},"end":{"line":6,"column":13}}},"fnMap":{"0":{"name":"(anonymous_0)","decl":{"start":{"line":7,"column":2},"end":{"line":7,"column":31}},"loc":{"start":{"line":7,"column":61},"end":{"line":7,"column":65}}},"1":{"name":"(anonymous_1)","decl":{"start":{"line":9,"column":2},"end":{"line":9,"column":7}},"loc":{"start":{"line":9,"column":30},"end":{"line":13,"column":3}}}},"branchMap":{"0":{"loc":{"start":{"line":11,"column":6},"end":{"line":11,"column":77}},"type":"binary-expr","locations":[{"start":{"line":11,"column":7},"end":{"line":11,"column":53}},{"start":{"line":11,"column":58},"end":{"line":11,"column":77}}]}},"s":{"0":0,"1":0,"2":0,"3":0,"4":0,"5":0},"f":{"0":0,"1":0},"b":{"0":[0,0]}}
,"C:\\Users\\dangq\\OneDrive\\Documents\\GitHub\\Full-Stack-E-commerce\\services\\cart-service\\src\\cart\\domain\\cart-domain.exception.ts": {"path":"C:\\Users\\dangq\\OneDrive\\Documents\\GitHub\\Full-Stack-E-commerce\\services\\cart-service\\src\\cart\\domain\\cart-domain.exception.ts","statementMap":{"0":{"start":{"line":3,"column":4},"end":{"line":3,"column":19}},"1":{"start":{"line":2,"column":57},"end":{"line":2,"column":74}},"2":{"start":{"line":4,"column":4},"end":{"line":4,"column":32}},"3":{"start":{"line":1,"column":0},"end":{"line":1,"column":22}}},"fnMap":{"0":{"name":"(anonymous_0)","decl":{"start":{"line":2,"column":2},"end":{"line":2,"column":24}},"loc":{"start":{"line":2,"column":74},"end":{"line":5,"column":3}}}},"branchMap":{},"s":{"0":2,"1":2,"2":2,"3":1},"f":{"0":2},"b":{}}
,"C:\\Users\\dangq\\OneDrive\\Documents\\GitHub\\Full-Stack-E-commerce\\services\\cart-service\\src\\cart\\domain\\cart-expiration-policy.ts": {"path":"C:\\Users\\dangq\\OneDrive\\Documents\\GitHub\\Full-Stack-E-commerce\\services\\cart-service\\src\\cart\\domain\\cart-expiration-policy.ts","statementMap":{"0":{"start":{"line":2,"column":32},"end":{"line":2,"column":48}},"1":{"start":{"line":1,"column":0},"end":{"line":1,"column":13}}},"fnMap":{},"branchMap":{},"s":{"0":0,"1":0},"f":{},"b":{}}
,"C:\\Users\\dangq\\OneDrive\\Documents\\GitHub\\Full-Stack-E-commerce\\services\\cart-service\\src\\cart\\domain\\cart-full.exception.ts": {"path":"C:\\Users\\dangq\\OneDrive\\Documents\\GitHub\\Full-Stack-E-commerce\\services\\cart-service\\src\\cart\\domain\\cart-full.exception.ts","statementMap":{"0":{"start":{"line":1,"column":0},"end":{"line":1,"column":62}},"1":{"start":{"line":5,"column":4},"end":{"line":8,"column":6}},"2":{"start":{"line":3,"column":0},"end":{"line":3,"column":13}}},"fnMap":{"0":{"name":"(anonymous_0)","decl":{"start":{"line":4,"column":2},"end":{"line":4,"column":14}},"loc":{"start":{"line":4,"column":30},"end":{"line":9,"column":3}}}},"branchMap":{},"s":{"0":1,"1":0,"2":1},"f":{"0":0},"b":{}}
,"C:\\Users\\dangq\\OneDrive\\Documents\\GitHub\\Full-Stack-E-commerce\\services\\cart-service\\src\\cart\\domain\\cart-item-limit-exceeded.exception.ts": {"path":"C:\\Users\\dangq\\OneDrive\\Documents\\GitHub\\Full-Stack-E-commerce\\services\\cart-service\\src\\cart\\domain\\cart-item-limit-exceeded.exception.ts","statementMap":{"0":{"start":{"line":1,"column":0},"end":{"line":1,"column":62}},"1":{"start":{"line":5,"column":4},"end":{"line":8,"column":6}},"2":{"start":{"line":3,"column":0},"end":{"line":3,"column":13}}},"fnMap":{"0":{"name":"(anonymous_0)","decl":{"start":{"line":4,"column":2},"end":{"line":4,"column":14}},"loc":{"start":{"line":4,"column":60},"end":{"line":9,"column":3}}}},"branchMap":{},"s":{"0":1,"1":1,"2":1},"f":{"0":1},"b":{}}
,"C:\\Users\\dangq\\OneDrive\\Documents\\GitHub\\Full-Stack-E-commerce\\services\\cart-service\\src\\cart\\domain\\cart-item-not-found.exception.ts": {"path":"C:\\Users\\dangq\\OneDrive\\Documents\\GitHub\\Full-Stack-E-commerce\\services\\cart-service\\src\\cart\\domain\\cart-item-not-found.exception.ts","statementMap":{"0":{"start":{"line":1,"column":0},"end":{"line":1,"column":62}},"1":{"start":{"line":5,"column":4},"end":{"line":5,"column":69}},"2":{"start":{"line":3,"column":0},"end":{"line":3,"column":13}}},"fnMap":{"0":{"name":"(anonymous_0)","decl":{"start":{"line":4,"column":2},"end":{"line":4,"column":14}},"loc":{"start":{"line":4,"column":31},"end":{"line":6,"column":3}}}},"branchMap":{},"s":{"0":1,"1":1,"2":1},"f":{"0":1},"b":{}}
,"C:\\Users\\dangq\\OneDrive\\Documents\\GitHub\\Full-Stack-E-commerce\\services\\cart-service\\src\\cart\\domain\\cart-item.ts": {"path":"C:\\Users\\dangq\\OneDrive\\Documents\\GitHub\\Full-Stack-E-commerce\\services\\cart-service\\src\\cart\\domain\\cart-item.ts","statementMap":{"0":{"start":{"line":1,"column":0},"end":{"line":1,"column":83}},"1":{"start":{"line":6,"column":20},"end":{"line":6,"column":37}},"2":{"start":{"line":7,"column":20},"end":{"line":7,"column":39}},"3":{"start":{"line":8,"column":20},"end":{"line":8,"column":40}},"4":{"start":{"line":9,"column":20},"end":{"line":9,"column":36}},"5":{"start":{"line":10,"column":12},"end":{"line":10,"column":29}},"6":{"start":{"line":11,"column":20},"end":{"line":11,"column":33}},"7":{"start":{"line":21,"column":4},"end":{"line":25,"column":5}},"8":{"start":{"line":22,"column":6},"end":{"line":24,"column":8}},"9":{"start":{"line":27,"column":4},"end":{"line":29,"column":5}},"10":{"start":{"line":28,"column":6},"end":{"line":28,"column":68}},"11":{"start":{"line":31,"column":4},"end":{"line":38,"column":6}},"12":{"start":{"line":49,"column":4},"end":{"line":56,"column":6}},"13":{"start":{"line":60,"column":4},"end":{"line":60,"column":26}},"14":{"start":{"line":64,"column":4},"end":{"line":64,"column":51}},"15":{"start":{"line":68,"column":4},"end":{"line":68,"column":30}},"16":{"start":{"line":4,"column":0},"end":{"line":4,"column":13}}},"fnMap":{"0":{"name":"(anonymous_0)","decl":{"start":{"line":5,"column":2},"end":{"line":5,"column":null}},"loc":{"start":{"line":11,"column":33},"end":{"line":12,"column":6}}},"1":{"name":"(anonymous_1)","decl":{"start":{"line":14,"column":2},"end":{"line":14,"column":8}},"loc":{"start":{"line":19,"column":20},"end":{"line":39,"column":3}}},"2":{"name":"(anonymous_2)","decl":{"start":{"line":41,"column":2},"end":{"line":41,"column":8}},"loc":{"start":{"line":47,"column":17},"end":{"line":57,"column":3}}},"3":{"name":"(anonymous_3)","decl":{"start":{"line":59,"column":2},"end":{"line":59,"column":6}},"loc":{"start":{"line":59,"column":14},"end":{"line":61,"column":3}}},"4":{"name":"(anonymous_4)","decl":{"start":{"line":63,"column":2},"end":{"line":63,"column":6}},"loc":{"start":{"line":63,"column":14},"end":{"line":65,"column":3}}},"5":{"name":"(anonymous_5)","decl":{"start":{"line":67,"column":2},"end":{"line":67,"column":16}},"loc":{"start":{"line":67,"column":33},"end":{"line":69,"column":3}}}},"branchMap":{"0":{"loc":{"start":{"line":21,"column":4},"end":{"line":25,"column":5}},"type":"if","locations":[{"start":{"line":21,"column":4},"end":{"line":25,"column":5}},{"start":{},"end":{}}]},"1":{"loc":{"start":{"line":27,"column":4},"end":{"line":29,"column":5}},"type":"if","locations":[{"start":{"line":27,"column":4},"end":{"line":29,"column":5}},{"start":{},"end":{}}]}},"s":{"0":1,"1":4,"2":4,"3":4,"4":4,"5":4,"6":4,"7":4,"8":0,"9":4,"10":0,"11":4,"12":0,"13":7,"14":1,"15":1,"16":1},"f":{"0":4,"1":4,"2":0,"3":7,"4":1,"5":1},"b":{"0":[0,4],"1":[0,4]}}
,"C:\\Users\\dangq\\OneDrive\\Documents\\GitHub\\Full-Stack-E-commerce\\services\\cart-service\\src\\cart\\domain\\cart-repository.token.ts": {"path":"C:\\Users\\dangq\\OneDrive\\Documents\\GitHub\\Full-Stack-E-commerce\\services\\cart-service\\src\\cart\\domain\\cart-repository.token.ts","statementMap":{"0":{"start":{"line":1,"column":13},"end":{"line":1,"column":57}}},"fnMap":{},"branchMap":{},"s":{"0":0},"f":{},"b":{}}
,"C:\\Users\\dangq\\OneDrive\\Documents\\GitHub\\Full-Stack-E-commerce\\services\\cart-service\\src\\cart\\domain\\cart.ts": {"path":"C:\\Users\\dangq\\OneDrive\\Documents\\GitHub\\Full-Stack-E-commerce\\services\\cart-service\\src\\cart\\domain\\cart.ts","statementMap":{"0":{"start":{"line":1,"column":0},"end":{"line":1,"column":58}},"1":{"start":{"line":2,"column":0},"end":{"line":2,"column":86}},"2":{"start":{"line":3,"column":0},"end":{"line":3,"column":76}},"3":{"start":{"line":4,"column":0},"end":{"line":4,"column":83}},"4":{"start":{"line":6,"column":0},"end":{"line":6,"column":32}},"5":{"start":{"line":9,"column":30},"end":{"line":9,"column":32}},"6":{"start":{"line":10,"column":33},"end":{"line":10,"column":35}},"7":{"start":{"line":13,"column":20},"end":{"line":13,"column":34}},"8":{"start":{"line":14,"column":12},"end":{"line":14,"column":30}},"9":{"start":{"line":15,"column":12},"end":{"line":15,"column":28}},"10":{"start":{"line":19,"column":4},"end":{"line":21,"column":5}},"11":{"start":{"line":20,"column":6},"end":{"line":20,"column":65}},"12":{"start":{"line":23,"column":4},"end":{"line":23,"column":44}},"13":{"start":{"line":31,"column":4},"end":{"line":31,"column":46}},"14":{"start":{"line":35,"column":4},"end":{"line":35,"column":23}},"15":{"start":{"line":39,"column":4},"end":{"line":39,"column":27}},"16":{"start":{"line":43,"column":4},"end":{"line":43,"column":69}},"17":{"start":{"line":43,"column":45},"end":{"line":43,"column":64}},"18":{"start":{"line":47,"column":4},"end":{"line":47,"column":30}},"19":{"start":{"line":51,"column":4},"end":{"line":54,"column":6}},"20":{"start":{"line":52,"column":23},"end":{"line":52,"column":47}},"21":{"start":{"line":58,"column":4},"end":{"line":58,"column":36}},"22":{"start":{"line":62,"column":21},"end":{"line":63,"column":null}},"23":{"start":{"line":63,"column":20},"end":{"line":63,"column":57}},"24":{"start":{"line":66,"column":4},"end":{"line":91,"column":5}},"25":{"start":{"line":67,"column":23},"end":{"line":67,"column":56}},"26":{"start":{"line":68,"column":6},"end":{"line":74,"column":7}},"27":{"start":{"line":69,"column":8},"end":{"line":73,"column":10}},"28":{"start":{"line":76,"column":6},"end":{"line":76,"column":40}},"29":{"start":{"line":78,"column":6},"end":{"line":80,"column":7}},"30":{"start":{"line":79,"column":8},"end":{"line":79,"column":52}},"31":{"start":{"line":82,"column":6},"end":{"line":88,"column":7}},"32":{"start":{"line":83,"column":8},"end":{"line":87,"column":10}},"33":{"start":{"line":90,"column":6},"end":{"line":90,"column":43}},"34":{"start":{"line":93,"column":4},"end":{"line":93,"column":33}},"35":{"start":{"line":97,"column":27},"end":{"line":97,"column":45}},"36":{"start":{"line":98,"column":4},"end":{"line":98,"column":77}},"37":{"start":{"line":98,"column":47},"end":{"line":98,"column":75}},"38":{"start":{"line":100,"column":4},"end":{"line":102,"column":5}},"39":{"start":{"line":101,"column":6},"end":{"line":101,"column":53}},"40":{"start":{"line":104,"column":4},"end":{"line":104,"column":33}},"41":{"start":{"line":108,"column":4},"end":{"line":111,"column":5}},"42":{"start":{"line":109,"column":6},"end":{"line":109,"column":33}},"43":{"start":{"line":110,"column":6},"end":{"line":110,"column":13}},"44":{"start":{"line":113,"column":4},"end":{"line":119,"column":5}},"45":{"start":{"line":114,"column":6},"end":{"line":118,"column":8}},"46":{"start":{"line":121,"column":17},"end":{"line":122,"column":null}},"47":{"start":{"line":122,"column":20},"end":{"line":122,"column":52}},"48":{"start":{"line":124,"column":4},"end":{"line":126,"column":5}},"49":{"start":{"line":125,"column":6},"end":{"line":125,"column":53}},"50":{"start":{"line":128,"column":4},"end":{"line":128,"column":34}},"51":{"start":{"line":129,"column":4},"end":{"line":129,"column":33}},"52":{"start":{"line":133,"column":4},"end":{"line":133,"column":21}},"53":{"start":{"line":134,"column":4},"end":{"line":134,"column":33}},"54":{"start":{"line":8,"column":0},"end":{"line":8,"column":13}}},"fnMap":{"0":{"name":"(anonymous_0)","decl":{"start":{"line":12,"column":2},"end":{"line":12,"column":null}},"loc":{"start":{"line":15,"column":28},"end":{"line":16,"column":6}}},"1":{"name":"(anonymous_1)","decl":{"start":{"line":18,"column":2},"end":{"line":18,"column":8}},"loc":{"start":{"line":18,"column":30},"end":{"line":24,"column":3}}},"2":{"name":"(anonymous_2)","decl":{"start":{"line":26,"column":2},"end":{"line":26,"column":8}},"loc":{"start":{"line":29,"column":19},"end":{"line":32,"column":3}}},"3":{"name":"(anonymous_3)","decl":{"start":{"line":34,"column":2},"end":{"line":34,"column":6}},"loc":{"start":{"line":34,"column":11},"end":{"line":36,"column":3}}},"4":{"name":"(anonymous_4)","decl":{"start":{"line":38,"column":2},"end":{"line":38,"column":6}},"loc":{"start":{"line":38,"column":15},"end":{"line":40,"column":3}}},"5":{"name":"(anonymous_5)","decl":{"start":{"line":42,"column":2},"end":{"line":42,"column":6}},"loc":{"start":{"line":42,"column":15},"end":{"line":44,"column":3}}},"6":{"name":"(anonymous_6)","decl":{"start":{"line":43,"column":30},"end":{"line":43,"column":31}},"loc":{"start":{"line":43,"column":45},"end":{"line":43,"column":64}}},"7":{"name":"(anonymous_7)","decl":{"start":{"line":46,"column":2},"end":{"line":46,"column":6}},"loc":{"start":{"line":46,"column":21},"end":{"line":48,"column":3}}},"8":{"name":"(anonymous_8)","decl":{"start":{"line":50,"column":2},"end":{"line":50,"column":6}},"loc":{"start":{"line":50,"column":17},"end":{"line":55,"column":3}}},"9":{"name":"(anonymous_9)","decl":{"start":{"line":52,"column":6},"end":{"line":52,"column":7}},"loc":{"start":{"line":52,"column":23},"end":{"line":52,"column":47}}},"10":{"name":"(anonymous_10)","decl":{"start":{"line":57,"column":2},"end":{"line":57,"column":6}},"loc":{"start":{"line":57,"column":13},"end":{"line":59,"column":3}}},"11":{"name":"(anonymous_11)","decl":{"start":{"line":61,"column":2},"end":{"line":61,"column":9}},"loc":{"start":{"line":61,"column":24},"end":{"line":94,"column":3}}},"12":{"name":"(anonymous_12)","decl":{"start":{"line":63,"column":6},"end":{"line":63,"column":7}},"loc":{"start":{"line":63,"column":20},"end":{"line":63,"column":57}}},"13":{"name":"(anonymous_13)","decl":{"start":{"line":96,"column":2},"end":{"line":96,"column":12}},"loc":{"start":{"line":96,"column":30},"end":{"line":105,"column":3}}},"14":{"name":"(anonymous_14)","decl":{"start":{"line":98,"column":37},"end":{"line":98,"column":38}},"loc":{"start":{"line":98,"column":47},"end":{"line":98,"column":75}}},"15":{"name":"(anonymous_15)","decl":{"start":{"line":107,"column":2},"end":{"line":107,"column":20}},"loc":{"start":{"line":107,"column":56},"end":{"line":130,"column":3}}},"16":{"name":"(anonymous_16)","decl":{"start":{"line":122,"column":6},"end":{"line":122,"column":7}},"loc":{"start":{"line":122,"column":20},"end":{"line":122,"column":52}}},"17":{"name":"(anonymous_17)","decl":{"start":{"line":132,"column":2},"end":{"line":132,"column":7}},"loc":{"start":{"line":132,"column":7},"end":{"line":135,"column":3}}}},"branchMap":{"0":{"loc":{"start":{"line":19,"column":4},"end":{"line":21,"column":5}},"type":"if","locations":[{"start":{"line":19,"column":4},"end":{"line":21,"column":5}},{"start":{},"end":{}}]},"1":{"loc":{"start":{"line":66,"column":4},"end":{"line":91,"column":5}},"type":"if","locations":[{"start":{"line":66,"column":4},"end":{"line":91,"column":5}},{"start":{"line":77,"column":11},"end":{"line":91,"column":5}}]},"2":{"loc":{"start":{"line":68,"column":6},"end":{"line":74,"column":7}},"type":"if","locations":[{"start":{"line":68,"column":6},"end":{"line":74,"column":7}},{"start":{},"end":{}}]},"3":{"loc":{"start":{"line":78,"column":6},"end":{"line":80,"column":7}},"type":"if","locations":[{"start":{"line":78,"column":6},"end":{"line":80,"column":7}},{"start":{},"end":{}}]},"4":{"loc":{"start":{"line":82,"column":6},"end":{"line":88,"column":7}},"type":"if","locations":[{"start":{"line":82,"column":6},"end":{"line":88,"column":7}},{"start":{},"end":{}}]},"5":{"loc":{"start":{"line":100,"column":4},"end":{"line":102,"column":5}},"type":"if","locations":[{"start":{"line":100,"column":4},"end":{"line":102,"column":5}},{"start":{},"end":{}}]},"6":{"loc":{"start":{"line":108,"column":4},"end":{"line":111,"column":5}},"type":"if","locations":[{"start":{"line":108,"column":4},"end":{"line":111,"column":5}},{"start":{},"end":{}}]},"7":{"loc":{"start":{"line":113,"column":4},"end":{"line":119,"column":5}},"type":"if","locations":[{"start":{"line":113,"column":4},"end":{"line":119,"column":5}},{"start":{},"end":{}}]},"8":{"loc":{"start":{"line":124,"column":4},"end":{"line":126,"column":5}},"type":"if","locations":[{"start":{"line":124,"column":4},"end":{"line":126,"column":5}},{"start":{},"end":{}}]}},"s":{"0":1,"1":1,"2":1,"3":1,"4":1,"5":1,"6":1,"7":4,"8":4,"9":4,"10":4,"11":0,"12":4,"13":0,"14":0,"15":0,"16":1,"17":1,"18":1,"19":1,"20":1,"21":1,"22":4,"23":1,"24":4,"25":1,"26":1,"27":0,"28":1,"29":3,"30":0,"31":3,"32":1,"33":2,"34":3,"35":2,"36":2,"37":1,"38":2,"39":1,"40":1,"41":1,"42":1,"43":1,"44":0,"45":0,"46":0,"47":0,"48":0,"49":0,"50":0,"51":0,"52":0,"53":0,"54":1},"f":{"0":4,"1":4,"2":0,"3":0,"4":0,"5":1,"6":1,"7":1,"8":1,"9":1,"10":1,"11":4,"12":1,"13":2,"14":1,"15":1,"16":0,"17":0},"b":{"0":[0,4],"1":[1,3],"2":[0,1],"3":[0,3],"4":[1,2],"5":[1,1],"6":[1,0],"7":[0,0],"8":[0,0]}}
,"C:\\Users\\dangq\\OneDrive\\Documents\\GitHub\\Full-Stack-E-commerce\\services\\cart-service\\src\\cart\\domain\\currency-mismatch.exception.ts": {"path":"C:\\Users\\dangq\\OneDrive\\Documents\\GitHub\\Full-Stack-E-commerce\\services\\cart-service\\src\\cart\\domain\\currency-mismatch.exception.ts","statementMap":{"0":{"start":{"line":1,"column":0},"end":{"line":1,"column":62}},"1":{"start":{"line":5,"column":4},"end":{"line":8,"column":6}},"2":{"start":{"line":3,"column":0},"end":{"line":3,"column":13}}},"fnMap":{"0":{"name":"(anonymous_0)","decl":{"start":{"line":4,"column":2},"end":{"line":4,"column":14}},"loc":{"start":{"line":4,"column":53},"end":{"line":9,"column":3}}}},"branchMap":{},"s":{"0":1,"1":0,"2":1},"f":{"0":0},"b":{}}
,"C:\\Users\\dangq\\OneDrive\\Documents\\GitHub\\Full-Stack-E-commerce\\services\\cart-service\\src\\cart\\domain\\invalid-cart-operation.exception.ts": {"path":"C:\\Users\\dangq\\OneDrive\\Documents\\GitHub\\Full-Stack-E-commerce\\services\\cart-service\\src\\cart\\domain\\invalid-cart-operation.exception.ts","statementMap":{"0":{"start":{"line":1,"column":0},"end":{"line":1,"column":62}},"1":{"start":{"line":5,"column":4},"end":{"line":5,"column":45}},"2":{"start":{"line":3,"column":0},"end":{"line":3,"column":13}}},"fnMap":{"0":{"name":"(anonymous_0)","decl":{"start":{"line":4,"column":2},"end":{"line":4,"column":14}},"loc":{"start":{"line":4,"column":29},"end":{"line":6,"column":3}}}},"branchMap":{},"s":{"0":1,"1":0,"2":1},"f":{"0":0},"b":{}}
,"C:\\Users\\dangq\\OneDrive\\Documents\\GitHub\\Full-Stack-E-commerce\\services\\cart-service\\src\\cart\\domain\\money.ts": {"path":"C:\\Users\\dangq\\OneDrive\\Documents\\GitHub\\Full-Stack-E-commerce\\services\\cart-service\\src\\cart\\domain\\money.ts","statementMap":{"0":{"start":{"line":1,"column":0},"end":{"line":1,"column":74}},"1":{"start":{"line":2,"column":0},"end":{"line":2,"column":83}},"2":{"start":{"line":6,"column":21},"end":{"line":6,"column":36}},"3":{"start":{"line":7,"column":21},"end":{"line":7,"column":38}},"4":{"start":{"line":11,"column":4},"end":{"line":15,"column":5}},"5":{"start":{"line":12,"column":6},"end":{"line":14,"column":8}},"6":{"start":{"line":17,"column":4},"end":{"line":17,"column":51}},"7":{"start":{"line":21,"column":4},"end":{"line":21,"column":34}},"8":{"start":{"line":25,"column":4},"end":{"line":25,"column":24}},"9":{"start":{"line":29,"column":4},"end":{"line":29,"column":26}},"10":{"start":{"line":33,"column":4},"end":{"line":35,"column":5}},"11":{"start":{"line":34,"column":6},"end":{"line":34,"column":75}},"12":{"start":{"line":37,"column":4},"end":{"line":37,"column":67}},"13":{"start":{"line":41,"column":4},"end":{"line":41,"column":64}},"14":{"start":{"line":45,"column":4},"end":{"line":45,"column":80}},"15":{"start":{"line":4,"column":0},"end":{"line":4,"column":13}}},"fnMap":{"0":{"name":"(anonymous_0)","decl":{"start":{"line":5,"column":2},"end":{"line":5,"column":null}},"loc":{"start":{"line":7,"column":38},"end":{"line":8,"column":6}}},"1":{"name":"(anonymous_1)","decl":{"start":{"line":10,"column":2},"end":{"line":10,"column":8}},"loc":{"start":{"line":10,"column":44},"end":{"line":18,"column":3}}},"2":{"name":"(anonymous_2)","decl":{"start":{"line":20,"column":2},"end":{"line":20,"column":8}},"loc":{"start":{"line":20,"column":30},"end":{"line":22,"column":3}}},"3":{"name":"(anonymous_3)","decl":{"start":{"line":24,"column":2},"end":{"line":24,"column":6}},"loc":{"start":{"line":24,"column":12},"end":{"line":26,"column":3}}},"4":{"name":"(anonymous_4)","decl":{"start":{"line":28,"column":2},"end":{"line":28,"column":6}},"loc":{"start":{"line":28,"column":14},"end":{"line":30,"column":3}}},"5":{"name":"(anonymous_5)","decl":{"start":{"line":32,"column":2},"end":{"line":32,"column":5}},"loc":{"start":{"line":32,"column":18},"end":{"line":38,"column":3}}},"6":{"name":"(anonymous_6)","decl":{"start":{"line":40,"column":2},"end":{"line":40,"column":10}},"loc":{"start":{"line":40,"column":29},"end":{"line":42,"column":3}}},"7":{"name":"(anonymous_7)","decl":{"start":{"line":44,"column":2},"end":{"line":44,"column":8}},"loc":{"start":{"line":44,"column":21},"end":{"line":46,"column":3}}}},"branchMap":{"0":{"loc":{"start":{"line":10,"column":28},"end":{"line":10,"column":44}},"type":"default-arg","locations":[{"start":{"line":10,"column":39},"end":{"line":10,"column":44}}]},"1":{"loc":{"start":{"line":11,"column":4},"end":{"line":15,"column":5}},"type":"if","locations":[{"start":{"line":11,"column":4},"end":{"line":15,"column":5}},{"start":{},"end":{}}]},"2":{"loc":{"start":{"line":20,"column":14},"end":{"line":20,"column":30}},"type":"default-arg","locations":[{"start":{"line":20,"column":25},"end":{"line":20,"column":30}}]},"3":{"loc":{"start":{"line":33,"column":4},"end":{"line":35,"column":5}},"type":"if","locations":[{"start":{"line":33,"column":4},"end":{"line":35,"column":5}},{"start":{},"end":{}}]},"4":{"loc":{"start":{"line":45,"column":11},"end":{"line":45,"column":79}},"type":"binary-expr","locations":[{"start":{"line":45,"column":11},"end":{"line":45,"column":41}},{"start":{"line":45,"column":45},"end":{"line":45,"column":79}}]}},"s":{"0":1,"1":1,"2":7,"3":7,"4":4,"5":0,"6":4,"7":1,"8":1,"9":0,"10":1,"11":0,"12":1,"13":1,"14":0,"15":1},"f":{"0":7,"1":4,"2":1,"3":1,"4":0,"5":1,"6":1,"7":0},"b":{"0":[4],"1":[0,4],"2":[0],"3":[0,1],"4":[0,0]}}
,"C:\\Users\\dangq\\OneDrive\\Documents\\GitHub\\Full-Stack-E-commerce\\services\\cart-service\\src\\cart\\domain\\product-not-found.exception.ts": {"path":"C:\\Users\\dangq\\OneDrive\\Documents\\GitHub\\Full-Stack-E-commerce\\services\\cart-service\\src\\cart\\domain\\product-not-found.exception.ts","statementMap":{"0":{"start":{"line":1,"column":0},"end":{"line":1,"column":62}},"1":{"start":{"line":5,"column":4},"end":{"line":5,"column":65}},"2":{"start":{"line":3,"column":0},"end":{"line":3,"column":13}}},"fnMap":{"0":{"name":"(anonymous_0)","decl":{"start":{"line":4,"column":2},"end":{"line":4,"column":14}},"loc":{"start":{"line":4,"column":31},"end":{"line":6,"column":3}}}},"branchMap":{},"s":{"0":0,"1":0,"2":0},"f":{"0":0},"b":{}}
,"C:\\Users\\dangq\\OneDrive\\Documents\\GitHub\\Full-Stack-E-commerce\\services\\cart-service\\src\\cart\\infrastructure\\api-response.ts": {"path":"C:\\Users\\dangq\\OneDrive\\Documents\\GitHub\\Full-Stack-E-commerce\\services\\cart-service\\src\\cart\\infrastructure\\api-response.ts","statementMap":{"0":{"start":{"line":12,"column":6},"end":{"line":12,"column":65}},"1":{"start":{"line":14,"column":4},"end":{"line":20,"column":6}},"2":{"start":{"line":24,"column":4},"end":{"line":30,"column":6}},"3":{"start":{"line":1,"column":0},"end":{"line":1,"column":13}}},"fnMap":{"0":{"name":"(anonymous_0)","decl":{"start":{"line":10,"column":2},"end":{"line":10,"column":8}},"loc":{"start":{"line":10,"column":55},"end":{"line":21,"column":3}}},"1":{"name":"(anonymous_1)","decl":{"start":{"line":23,"column":2},"end":{"line":23,"column":8}},"loc":{"start":{"line":23,"column":49},"end":{"line":31,"column":3}}}},"branchMap":{"0":{"loc":{"start":{"line":12,"column":6},"end":{"line":12,"column":65}},"type":"binary-expr","locations":[{"start":{"line":12,"column":6},"end":{"line":12,"column":39}},{"start":{"line":12,"column":43},"end":{"line":12,"column":65}}]},"1":{"loc":{"start":{"line":16,"column":15},"end":{"line":16,"column":53}},"type":"cond-expr","locations":[{"start":{"line":16,"column":28},"end":{"line":16,"column":41}},{"start":{"line":16,"column":44},"end":{"line":16,"column":53}}]},"2":{"loc":{"start":{"line":17,"column":12},"end":{"line":17,"column":64}},"type":"cond-expr","locations":[{"start":{"line":17,"column":26},"end":{"line":17,"column":41}},{"start":{"line":17,"column":45},"end":{"line":17,"column":64}}]}},"s":{"0":0,"1":0,"2":0,"3":0},"f":{"0":0,"1":0},"b":{"0":[0,0],"1":[0,0],"2":[0,0]}}
,"C:\\Users\\dangq\\OneDrive\\Documents\\GitHub\\Full-Stack-E-commerce\\services\\cart-service\\src\\cart\\infrastructure\\cart.controller.ts": {"path":"C:\\Users\\dangq\\OneDrive\\Documents\\GitHub\\Full-Stack-E-commerce\\services\\cart-service\\src\\cart\\infrastructure\\cart.controller.ts","statementMap":{"0":{"start":{"line":1,"column":0},"end":{"line":1,"column":null}},"1":{"start":{"line":13,"column":0},"end":{"line":13,"column":71}},"2":{"start":{"line":14,"column":0},"end":{"line":14,"column":70}},"3":{"start":{"line":15,"column":0},"end":{"line":15,"column":81}},"4":{"start":{"line":16,"column":0},"end":{"line":16,"column":81}},"5":{"start":{"line":17,"column":0},"end":{"line":17,"column":68}},"6":{"start":{"line":19,"column":0},"end":{"line":19,"column":45}},"7":{"start":{"line":20,"column":0},"end":{"line":20,"column":62}},"8":{"start":{"line":26,"column":7},"end":{"line":109,"column":null}},"9":{"start":{"line":28,"column":21},"end":{"line":28,"column":39}},"10":{"start":{"line":29,"column":21},"end":{"line":29,"column":38}},"11":{"start":{"line":30,"column":21},"end":{"line":30,"column":44}},"12":{"start":{"line":31,"column":21},"end":{"line":31,"column":44}},"13":{"start":{"line":32,"column":21},"end":{"line":32,"column":39}},"14":{"start":{"line":39,"column":4},"end":{"line":41,"column":6}},"15":{"start":{"line":49,"column":4},"end":{"line":51,"column":5}},"16":{"start":{"line":50,"column":6},"end":{"line":50,"column":61}},"17":{"start":{"line":53,"column":17},"end":{"line":57,"column":6}},"18":{"start":{"line":59,"column":4},"end":{"line":59,"column":51}},"19":{"start":{"line":68,"column":4},"end":{"line":70,"column":5}},"20":{"start":{"line":69,"column":6},"end":{"line":69,"column":60}},"21":{"start":{"line":72,"column":17},"end":{"line":76,"column":6}},"22":{"start":{"line":78,"column":4},"end":{"line":78,"column":53}},"23":{"start":{"line":86,"column":17},"end":{"line":89,"column":6}},"24":{"start":{"line":91,"column":4},"end":{"line":91,"column":53}},"25":{"start":{"line":98,"column":4},"end":{"line":98,"column":68}},"26":{"start":{"line":99,"column":4},"end":{"line":99,"column":48}},"27":{"start":{"line":103,"column":4},"end":{"line":105,"column":5}},"28":{"start":{"line":104,"column":6},"end":{"line":104,"column":68}},"29":{"start":{"line":107,"column":4},"end":{"line":107,"column":18}},"30":{"start":{"line":26,"column":13},"end":{"line":26,"column":27}},"31":{"start":{"line":36,"column":8},"end":{"line":42,"column":null}},"32":{"start":{"line":45,"column":8},"end":{"line":60,"column":null}},"33":{"start":{"line":63,"column":8},"end":{"line":79,"column":null}},"34":{"start":{"line":82,"column":8},"end":{"line":92,"column":null}},"35":{"start":{"line":95,"column":8},"end":{"line":100,"column":null}},"36":{"start":{"line":26,"column":13},"end":{"line":109,"column":null}}},"fnMap":{"0":{"name":"(anonymous_4)","decl":{"start":{"line":27,"column":2},"end":{"line":27,"column":null}},"loc":{"start":{"line":32,"column":55},"end":{"line":33,"column":6}}},"1":{"name":"(anonymous_5)","decl":{"start":{"line":36,"column":8},"end":{"line":36,"column":16}},"loc":{"start":{"line":37,"column":52},"end":{"line":42,"column":3}}},"2":{"name":"(anonymous_6)","decl":{"start":{"line":45,"column":8},"end":{"line":45,"column":15}},"loc":{"start":{"line":47,"column":39},"end":{"line":60,"column":3}}},"3":{"name":"(anonymous_7)","decl":{"start":{"line":63,"column":8},"end":{"line":63,"column":18}},"loc":{"start":{"line":66,"column":42},"end":{"line":79,"column":3}}},"4":{"name":"(anonymous_8)","decl":{"start":{"line":82,"column":8},"end":{"line":82,"column":18}},"loc":{"start":{"line":84,"column":41},"end":{"line":92,"column":3}}},"5":{"name":"(anonymous_9)","decl":{"start":{"line":95,"column":8},"end":{"line":95,"column":17}},"loc":{"start":{"line":96,"column":52},"end":{"line":100,"column":3}}},"6":{"name":"(anonymous_10)","decl":{"start":{"line":102,"column":10},"end":{"line":102,"column":23}},"loc":{"start":{"line":102,"column":50},"end":{"line":108,"column":3}}}},"branchMap":{"0":{"loc":{"start":{"line":49,"column":4},"end":{"line":51,"column":5}},"type":"if","locations":[{"start":{"line":49,"column":4},"end":{"line":51,"column":5}},{"start":{},"end":{}}]},"1":{"loc":{"start":{"line":56,"column":16},"end":{"line":56,"column":37}},"type":"binary-expr","locations":[{"start":{"line":56,"column":16},"end":{"line":56,"column":32}},{"start":{"line":56,"column":36},"end":{"line":56,"column":37}}]},"2":{"loc":{"start":{"line":68,"column":4},"end":{"line":70,"column":5}},"type":"if","locations":[{"start":{"line":68,"column":4},"end":{"line":70,"column":5}},{"start":{},"end":{}}]},"3":{"loc":{"start":{"line":68,"column":8},"end":{"line":68,"column":67}},"type":"binary-expr","locations":[{"start":{"line":68,"column":8},"end":{"line":68,"column":38}},{"start":{"line":68,"column":42},"end":{"line":68,"column":67}}]},"4":{"loc":{"start":{"line":103,"column":4},"end":{"line":105,"column":5}},"type":"if","locations":[{"start":{"line":103,"column":4},"end":{"line":105,"column":5}},{"start":{},"end":{}}]},"5":{"loc":{"start":{"line":38,"column":5},"end":{"line":38,"column":null}},"type":"cond-expr","locations":[{"start":{"line":38,"column":12},"end":{"line":38,"column":null}},{"start":{"line":38,"column":12},"end":{"line":38,"column":null}}]},"6":{"loc":{"start":{"line":38,"column":5},"end":{"line":38,"column":12}},"type":"binary-expr","locations":[{"start":{"line":38,"column":5},"end":{"line":38,"column":null}},{"start":{"line":38,"column":5},"end":{"line":38,"column":12}}]},"7":{"loc":{"start":{"line":48,"column":5},"end":{"line":48,"column":null}},"type":"cond-expr","locations":[{"start":{"line":48,"column":12},"end":{"line":48,"column":null}},{"start":{"line":48,"column":12},"end":{"line":48,"column":null}}]},"8":{"loc":{"start":{"line":48,"column":5},"end":{"line":48,"column":12}},"type":"binary-expr","locations":[{"start":{"line":48,"column":5},"end":{"line":48,"column":null}},{"start":{"line":48,"column":5},"end":{"line":48,"column":12}}]},"9":{"loc":{"start":{"line":67,"column":5},"end":{"line":67,"column":null}},"type":"cond-expr","locations":[{"start":{"line":67,"column":12},"end":{"line":67,"column":null}},{"start":{"line":67,"column":12},"end":{"line":67,"column":null}}]},"10":{"loc":{"start":{"line":67,"column":5},"end":{"line":67,"column":12}},"type":"binary-expr","locations":[{"start":{"line":67,"column":5},"end":{"line":67,"column":null}},{"start":{"line":67,"column":5},"end":{"line":67,"column":12}}]},"11":{"loc":{"start":{"line":85,"column":5},"end":{"line":85,"column":null}},"type":"cond-expr","locations":[{"start":{"line":85,"column":12},"end":{"line":85,"column":null}},{"start":{"line":85,"column":12},"end":{"line":85,"column":null}}]},"12":{"loc":{"start":{"line":85,"column":5},"end":{"line":85,"column":12}},"type":"binary-expr","locations":[{"start":{"line":85,"column":5},"end":{"line":85,"column":null}},{"start":{"line":85,"column":5},"end":{"line":85,"column":12}}]},"13":{"loc":{"start":{"line":97,"column":5},"end":{"line":97,"column":null}},"type":"cond-expr","locations":[{"start":{"line":97,"column":12},"end":{"line":97,"column":null}},{"start":{"line":97,"column":12},"end":{"line":97,"column":null}}]},"14":{"loc":{"start":{"line":97,"column":5},"end":{"line":97,"column":12}},"type":"binary-expr","locations":[{"start":{"line":97,"column":5},"end":{"line":97,"column":null}},{"start":{"line":97,"column":5},"end":{"line":97,"column":12}}]},"15":{"loc":{"start":{"line":28,"column":39},"end":{"line":28,"column":null}},"type":"cond-expr","locations":[{"start":{"line":28,"column":55},"end":{"line":28,"column":null}},{"start":{"line":28,"column":55},"end":{"line":28,"column":null}}]},"16":{"loc":{"start":{"line":28,"column":39},"end":{"line":28,"column":55}},"type":"binary-expr","locations":[{"start":{"line":28,"column":39},"end":{"line":28,"column":null}},{"start":{"line":28,"column":39},"end":{"line":28,"column":55}}]},"17":{"loc":{"start":{"line":28,"column":55},"end":{"line":29,"column":null}},"type":"cond-expr","locations":[{"start":{"line":29,"column":53},"end":{"line":29,"column":null}},{"start":{"line":29,"column":53},"end":{"line":29,"column":null}}]},"18":{"loc":{"start":{"line":28,"column":55},"end":{"line":29,"column":53}},"type":"binary-expr","locations":[{"start":{"line":28,"column":55},"end":{"line":29,"column":null}},{"start":{"line":29,"column":38},"end":{"line":29,"column":53}}]},"19":{"loc":{"start":{"line":29,"column":53},"end":{"line":30,"column":null}},"type":"cond-expr","locations":[{"start":{"line":30,"column":65},"end":{"line":30,"column":null}},{"start":{"line":30,"column":65},"end":{"line":30,"column":null}}]},"20":{"loc":{"start":{"line":29,"column":53},"end":{"line":30,"column":65}},"type":"binary-expr","locations":[{"start":{"line":29,"column":53},"end":{"line":30,"column":null}},{"start":{"line":30,"column":44},"end":{"line":30,"column":65}}]},"21":{"loc":{"start":{"line":30,"column":65},"end":{"line":31,"column":null}},"type":"cond-expr","locations":[{"start":{"line":31,"column":65},"end":{"line":31,"column":null}},{"start":{"line":31,"column":65},"end":{"line":31,"column":null}}]},"22":{"loc":{"start":{"line":30,"column":65},"end":{"line":31,"column":65}},"type":"binary-expr","locations":[{"start":{"line":30,"column":65},"end":{"line":31,"column":null}},{"start":{"line":31,"column":44},"end":{"line":31,"column":65}}]},"23":{"loc":{"start":{"line":31,"column":65},"end":{"line":32,"column":null}},"type":"cond-expr","locations":[{"start":{"line":32,"column":55},"end":{"line":32,"column":null}},{"start":{"line":32,"column":55},"end":{"line":32,"column":null}}]},"24":{"loc":{"start":{"line":31,"column":65},"end":{"line":32,"column":55}},"type":"binary-expr","locations":[{"start":{"line":31,"column":65},"end":{"line":32,"column":null}},{"start":{"line":32,"column":39},"end":{"line":32,"column":55}}]}},"s":{"0":0,"1":0,"2":0,"3":0,"4":0,"5":0,"6":0,"7":0,"8":0,"9":0,"10":0,"11":0,"12":0,"13":0,"14":0,"15":0,"16":0,"17":0,"18":0,"19":0,"20":0,"21":0,"22":0,"23":0,"24":0,"25":0,"26":0,"27":0,"28":0,"29":0,"30":0,"31":0,"32":0,"33":0,"34":0,"35":0,"36":0},"f":{"0":0,"1":0,"2":0,"3":0,"4":0,"5":0,"6":0},"b":{"0":[0,0],"1":[0,0],"2":[0,0],"3":[0,0],"4":[0,0],"5":[0,0],"6":[0,0],"7":[0,0],"8":[0,0],"9":[0,0],"10":[0,0],"11":[0,0],"12":[0,0],"13":[0,0],"14":[0,0],"15":[0,0],"16":[0,0],"17":[0,0],"18":[0,0],"19":[0,0],"20":[0,0],"21":[0,0],"22":[0,0],"23":[0,0],"24":[0,0]}}
,"C:\\Users\\dangq\\OneDrive\\Documents\\GitHub\\Full-Stack-E-commerce\\services\\cart-service\\src\\cart\\infrastructure\\cart.exception-filter.ts": {"path":"C:\\Users\\dangq\\OneDrive\\Documents\\GitHub\\Full-Stack-E-commerce\\services\\cart-service\\src\\cart\\infrastructure\\cart.exception-filter.ts","statementMap":{"0":{"start":{"line":1,"column":0},"end":{"line":1,"column":null}},"1":{"start":{"line":9,"column":0},"end":{"line":9,"column":70}},"2":{"start":{"line":10,"column":0},"end":{"line":10,"column":45}},"3":{"start":{"line":13,"column":7},"end":{"line":55,"column":null}},"4":{"start":{"line":15,"column":21},"end":{"line":15,"column":64}},"5":{"start":{"line":17,"column":4},"end":{"line":22,"column":5}},"6":{"start":{"line":18,"column":6},"end":{"line":20,"column":73}},"7":{"start":{"line":21,"column":6},"end":{"line":21,"column":13}},"8":{"start":{"line":24,"column":4},"end":{"line":35,"column":5}},"9":{"start":{"line":25,"column":21},"end":{"line":25,"column":42}},"10":{"start":{"line":26,"column":6},"end":{"line":33,"column":10}},"11":{"start":{"line":34,"column":6},"end":{"line":34,"column":13}},"12":{"start":{"line":37,"column":4},"end":{"line":41,"column":8}},"13":{"start":{"line":45,"column":4},"end":{"line":53,"column":5}},"14":{"start":{"line":46,"column":24},"end":{"line":46,"column":35}},"15":{"start":{"line":47,"column":39},"end":{"line":47,"column":50}},"16":{"start":{"line":48,"column":34},"end":{"line":48,"column":45}},"17":{"start":{"line":49,"column":37},"end":{"line":49,"column":48}},"18":{"start":{"line":50,"column":32},"end":{"line":50,"column":43}},"19":{"start":{"line":51,"column":32},"end":{"line":51,"column":43}},"20":{"start":{"line":52,"column":15},"end":{"line":52,"column":26}},"21":{"start":{"line":13,"column":13},"end":{"line":13,"column":32}},"22":{"start":{"line":13,"column":13},"end":{"line":55,"column":null}}},"fnMap":{"0":{"name":"(anonymous_1)","decl":{"start":{"line":14,"column":2},"end":{"line":14,"column":7}},"loc":{"start":{"line":14,"column":47},"end":{"line":42,"column":3}}},"1":{"name":"(anonymous_2)","decl":{"start":{"line":44,"column":10},"end":{"line":44,"column":23}},"loc":{"start":{"line":44,"column":54},"end":{"line":54,"column":3}}}},"branchMap":{"0":{"loc":{"start":{"line":17,"column":4},"end":{"line":22,"column":5}},"type":"if","locations":[{"start":{"line":17,"column":4},"end":{"line":22,"column":5}},{"start":{},"end":{}}]},"1":{"loc":{"start":{"line":24,"column":4},"end":{"line":35,"column":5}},"type":"if","locations":[{"start":{"line":24,"column":4},"end":{"line":35,"column":5}},{"start":{},"end":{}}]},"2":{"loc":{"start":{"line":31,"column":12},"end":{"line":31,"column":46}},"type":"binary-expr","locations":[{"start":{"line":31,"column":12},"end":{"line":31,"column":30}},{"start":{"line":31,"column":34},"end":{"line":31,"column":46}}]},"3":{"loc":{"start":{"line":45,"column":4},"end":{"line":53,"column":5}},"type":"switch","locations":[{"start":{"line":46,"column":6},"end":{"line":46,"column":35}},{"start":{"line":47,"column":6},"end":{"line":47,"column":50}},{"start":{"line":48,"column":6},"end":{"line":48,"column":45}},{"start":{"line":49,"column":6},"end":{"line":49,"column":48}},{"start":{"line":50,"column":6},"end":{"line":50,"column":43}},{"start":{"line":51,"column":6},"end":{"line":51,"column":43}},{"start":{"line":52,"column":6},"end":{"line":52,"column":26}}]}},"s":{"0":0,"1":0,"2":0,"3":0,"4":0,"5":0,"6":0,"7":0,"8":0,"9":0,"10":0,"11":0,"12":0,"13":0,"14":0,"15":0,"16":0,"17":0,"18":0,"19":0,"20":0,"21":0,"22":0},"f":{"0":0,"1":0},"b":{"0":[0,0],"1":[0,0],"2":[0,0],"3":[0,0,0,0,0,0,0]}}
,"C:\\Users\\dangq\\OneDrive\\Documents\\GitHub\\Full-Stack-E-commerce\\services\\cart-service\\src\\cart\\infrastructure\\cart.redis-repository.ts": {"path":"C:\\Users\\dangq\\OneDrive\\Documents\\GitHub\\Full-Stack-E-commerce\\services\\cart-service\\src\\cart\\infrastructure\\cart.redis-repository.ts","statementMap":{"0":{"start":{"line":2,"column":0},"end":{"line":2,"column":38}},"1":{"start":{"line":3,"column":0},"end":{"line":3,"column":47}},"2":{"start":{"line":5,"column":0},"end":{"line":5,"column":40}},"3":{"start":{"line":28,"column":31},"end":{"line":28,"column":43}},"4":{"start":{"line":31,"column":18},"end":{"line":31,"column":56}},"5":{"start":{"line":33,"column":4},"end":{"line":35,"column":5}},"6":{"start":{"line":34,"column":6},"end":{"line":34,"column":18}},"7":{"start":{"line":37,"column":22},"end":{"line":37,"column":56}},"8":{"start":{"line":38,"column":18},"end":{"line":46,"column":null}},"9":{"start":{"line":39,"column":6},"end":{"line":45,"column":null}},"10":{"start":{"line":49,"column":4},"end":{"line":53,"column":6}},"11":{"start":{"line":57,"column":4},"end":{"line":61,"column":6}},"12":{"start":{"line":65,"column":4},"end":{"line":65,"column":43}},"13":{"start":{"line":69,"column":4},"end":{"line":69,"column":28}},"14":{"start":{"line":73,"column":4},"end":{"line":87,"column":6}},"15":{"start":{"line":75,"column":39},"end":{"line":85,"column":8}},"16":{"start":{"line":27,"column":0},"end":{"line":27,"column":13}}},"fnMap":{"0":{"name":"(anonymous_0)","decl":{"start":{"line":28,"column":2},"end":{"line":28,"column":31}},"loc":{"start":{"line":28,"column":43},"end":{"line":28,"column":47}}},"1":{"name":"(anonymous_1)","decl":{"start":{"line":30,"column":2},"end":{"line":30,"column":7}},"loc":{"start":{"line":30,"column":35},"end":{"line":54,"column":3}}},"2":{"name":"(anonymous_2)","decl":{"start":{"line":38,"column":38},"end":{"line":38,"column":39}},"loc":{"start":{"line":39,"column":6},"end":{"line":45,"column":null}}},"3":{"name":"(anonymous_3)","decl":{"start":{"line":56,"column":2},"end":{"line":56,"column":7}},"loc":{"start":{"line":56,"column":43},"end":{"line":62,"column":3}}},"4":{"name":"(anonymous_4)","decl":{"start":{"line":64,"column":2},"end":{"line":64,"column":7}},"loc":{"start":{"line":64,"column":29},"end":{"line":66,"column":3}}},"5":{"name":"(anonymous_5)","decl":{"start":{"line":68,"column":10},"end":{"line":68,"column":13}},"loc":{"start":{"line":68,"column":28},"end":{"line":70,"column":3}}},"6":{"name":"(anonymous_6)","decl":{"start":{"line":72,"column":10},"end":{"line":72,"column":23}},"loc":{"start":{"line":72,"column":34},"end":{"line":88,"column":3}}},"7":{"name":"(anonymous_7)","decl":{"start":{"line":75,"column":28},"end":{"line":75,"column":29}},"loc":{"start":{"line":75,"column":39},"end":{"line":85,"column":8}}}},"branchMap":{"0":{"loc":{"start":{"line":33,"column":4},"end":{"line":35,"column":5}},"type":"if","locations":[{"start":{"line":33,"column":4},"end":{"line":35,"column":5}},{"start":{},"end":{}}]}},"s":{"0":0,"1":0,"2":0,"3":0,"4":0,"5":0,"6":0,"7":0,"8":0,"9":0,"10":0,"11":0,"12":0,"13":0,"14":0,"15":0,"16":0},"f":{"0":0,"1":0,"2":0,"3":0,"4":0,"5":0,"6":0,"7":0},"b":{"0":[0,0]}}
,"C:\\Users\\dangq\\OneDrive\\Documents\\GitHub\\Full-Stack-E-commerce\\services\\cart-service\\src\\cart\\infrastructure\\product-http-client.adapter.ts": {"path":"C:\\Users\\dangq\\OneDrive\\Documents\\GitHub\\Full-Stack-E-commerce\\services\\cart-service\\src\\cart\\infrastructure\\product-http-client.adapter.ts","statementMap":{"0":{"start":{"line":1,"column":0},"end":{"line":1,"column":81}},"1":{"start":{"line":2,"column":0},"end":{"line":2,"column":40}},"2":{"start":{"line":19,"column":31},"end":{"line":19,"column":57}},"3":{"start":{"line":22,"column":4},"end":{"line":29,"column":5}},"4":{"start":{"line":23,"column":6},"end":{"line":28,"column":8}},"5":{"start":{"line":31,"column":21},"end":{"line":32,"column":null}},"6":{"start":{"line":35,"column":4},"end":{"line":37,"column":5}},"7":{"start":{"line":36,"column":6},"end":{"line":36,"column":52}},"8":{"start":{"line":39,"column":4},"end":{"line":41,"column":5}},"9":{"start":{"line":40,"column":6},"end":{"line":40,"column":52}},"10":{"start":{"line":43,"column":21},"end":{"line":43,"column":42}},"11":{"start":{"line":46,"column":20},"end":{"line":46,"column":62}},"12":{"start":{"line":47,"column":18},"end":{"line":47,"column":57}},"13":{"start":{"line":48,"column":19},"end":{"line":48,"column":67}},"14":{"start":{"line":50,"column":6},"end":{"line":52,"column":55}},"15":{"start":{"line":54,"column":4},"end":{"line":59,"column":6}},"16":{"start":{"line":18,"column":0},"end":{"line":18,"column":13}}},"fnMap":{"0":{"name":"(anonymous_0)","decl":{"start":{"line":19,"column":2},"end":{"line":19,"column":31}},"loc":{"start":{"line":19,"column":57},"end":{"line":19,"column":61}}},"1":{"name":"(anonymous_1)","decl":{"start":{"line":21,"column":2},"end":{"line":21,"column":7}},"loc":{"start":{"line":21,"column":37},"end":{"line":60,"column":3}}}},"branchMap":{"0":{"loc":{"start":{"line":22,"column":4},"end":{"line":29,"column":5}},"type":"if","locations":[{"start":{"line":22,"column":4},"end":{"line":29,"column":5}},{"start":{},"end":{}}]},"1":{"loc":{"start":{"line":35,"column":4},"end":{"line":37,"column":5}},"type":"if","locations":[{"start":{"line":35,"column":4},"end":{"line":37,"column":5}},{"start":{},"end":{}}]},"2":{"loc":{"start":{"line":39,"column":4},"end":{"line":41,"column":5}},"type":"if","locations":[{"start":{"line":39,"column":4},"end":{"line":41,"column":5}},{"start":{},"end":{}}]},"3":{"loc":{"start":{"line":46,"column":20},"end":{"line":46,"column":62}},"type":"cond-expr","locations":[{"start":{"line":46,"column":40},"end":{"line":46,"column":52}},{"start":{"line":46,"column":55},"end":{"line":46,"column":62}}]},"4":{"loc":{"start":{"line":47,"column":18},"end":{"line":47,"column":57}},"type":"binary-expr","locations":[{"start":{"line":47,"column":18},"end":{"line":47,"column":35}},{"start":{"line":47,"column":39},"end":{"line":47,"column":52}},{"start":{"line":47,"column":56},"end":{"line":47,"column":57}}]},"5":{"loc":{"start":{"line":48,"column":19},"end":{"line":48,"column":67}},"type":"cond-expr","locations":[{"start":{"line":48,"column":47},"end":{"line":48,"column":52}},{"start":{"line":48,"column":55},"end":{"line":48,"column":67}}]},"6":{"loc":{"start":{"line":50,"column":6},"end":{"line":52,"column":55}},"type":"cond-expr","locations":[{"start":{"line":51,"column":11},"end":{"line":51,"column":36}},{"start":{"line":52,"column":11},"end":{"line":52,"column":54}}]},"7":{"loc":{"start":{"line":51,"column":11},"end":{"line":51,"column":36}},"type":"binary-expr","locations":[{"start":{"line":51,"column":11},"end":{"line":51,"column":27}},{"start":{"line":51,"column":31},"end":{"line":51,"column":36}}]},"8":{"loc":{"start":{"line":52,"column":11},"end":{"line":52,"column":54}},"type":"binary-expr","locations":[{"start":{"line":52,"column":11},"end":{"line":52,"column":25}},{"start":{"line":52,"column":29},"end":{"line":52,"column":45}},{"start":{"line":52,"column":49},"end":{"line":52,"column":54}}]},"9":{"loc":{"start":{"line":55,"column":17},"end":{"line":55,"column":61}},"type":"binary-expr","locations":[{"start":{"line":55,"column":17},"end":{"line":55,"column":34}},{"start":{"line":55,"column":38},"end":{"line":55,"column":48}},{"start":{"line":55,"column":52},"end":{"line":55,"column":61}}]},"10":{"loc":{"start":{"line":56,"column":19},"end":{"line":56,"column":67}},"type":"binary-expr","locations":[{"start":{"line":56,"column":19},"end":{"line":56,"column":38}},{"start":{"line":56,"column":42},"end":{"line":56,"column":54}},{"start":{"line":56,"column":58},"end":{"line":56,"column":67}}]},"11":{"loc":{"start":{"line":57,"column":20},"end":{"line":57,"column":63}},"type":"binary-expr","locations":[{"start":{"line":57,"column":20},"end":{"line":57,"column":40}},{"start":{"line":57,"column":44},"end":{"line":57,"column":57}},{"start":{"line":57,"column":61},"end":{"line":57,"column":63}}]}},"s":{"0":0,"1":0,"2":0,"3":0,"4":0,"5":0,"6":0,"7":0,"8":0,"9":0,"10":0,"11":0,"12":0,"13":0,"14":0,"15":0,"16":0},"f":{"0":0,"1":0},"b":{"0":[0,0],"1":[0,0],"2":[0,0],"3":[0,0],"4":[0,0,0],"5":[0,0],"6":[0,0],"7":[0,0],"8":[0,0,0],"9":[0,0,0],"10":[0,0,0],"11":[0,0,0]}}
}
