TN:
SF:src\cart\domain\cart-domain.exception.ts
FN:2,(anonymous_0)
FNF:1
FNH:1
FNDA:2,(anonymous_0)
DA:1,1
DA:2,2
DA:3,2
DA:4,2
LF:4
LH:4
BRF:0
BRH:0
end_of_record
TN:
SF:src\cart\domain\cart-expiration-policy.ts
FNF:0
FNH:0
DA:1,0
DA:2,0
LF:2
LH:0
BRF:0
BRH:0
end_of_record
TN:
SF:src\cart\domain\cart-full.exception.ts
FN:4,(anonymous_0)
FNF:1
FNH:0
FNDA:0,(anonymous_0)
DA:1,1
DA:3,1
DA:5,0
LF:3
LH:2
BRF:0
BRH:0
end_of_record
TN:
SF:src\cart\domain\cart-item-limit-exceeded.exception.ts
FN:4,(anonymous_0)
FNF:1
FNH:1
FNDA:1,(anonymous_0)
DA:1,1
DA:3,1
DA:5,1
LF:3
LH:3
BRF:0
BRH:0
end_of_record
TN:
SF:src\cart\domain\cart-item-not-found.exception.ts
FN:4,(anonymous_0)
FNF:1
FNH:1
FNDA:1,(anonymous_0)
DA:1,1
DA:3,1
DA:5,1
LF:3
LH:3
BRF:0
BRH:0
end_of_record
TN:
SF:src\cart\domain\cart-item.ts
FN:5,(anonymous_0)
FN:14,(anonymous_1)
FN:41,(anonymous_2)
FN:59,(anonymous_3)
FN:63,(anonymous_4)
FN:67,(anonymous_5)
FNF:6
FNH:5
FNDA:4,(anonymous_0)
FNDA:4,(anonymous_1)
FNDA:0,(anonymous_2)
FNDA:7,(anonymous_3)
FNDA:1,(anonymous_4)
FNDA:1,(anonymous_5)
DA:1,1
DA:4,1
DA:6,4
DA:7,4
DA:8,4
DA:9,4
DA:10,4
DA:11,4
DA:21,4
DA:22,0
DA:27,4
DA:28,0
DA:31,4
DA:49,0
DA:60,7
DA:64,1
DA:68,1
LF:17
LH:14
BRDA:21,0,0,0
BRDA:21,0,1,4
BRDA:27,1,0,0
BRDA:27,1,1,4
BRF:4
BRH:2
end_of_record
TN:
SF:src\cart\domain\cart-repository.token.ts
FNF:0
FNH:0
DA:1,0
LF:1
LH:0
BRF:0
BRH:0
end_of_record
TN:
SF:src\cart\domain\cart.ts
FN:12,(anonymous_0)
FN:18,(anonymous_1)
FN:26,(anonymous_2)
FN:34,(anonymous_3)
FN:38,(anonymous_4)
FN:42,(anonymous_5)
FN:43,(anonymous_6)
FN:46,(anonymous_7)
FN:50,(anonymous_8)
FN:52,(anonymous_9)
FN:57,(anonymous_10)
FN:61,(anonymous_11)
FN:63,(anonymous_12)
FN:96,(anonymous_13)
FN:98,(anonymous_14)
FN:107,(anonymous_15)
FN:122,(anonymous_16)
FN:132,(anonymous_17)
FNF:18
FNH:13
FNDA:4,(anonymous_0)
FNDA:4,(anonymous_1)
FNDA:0,(anonymous_2)
FNDA:0,(anonymous_3)
FNDA:0,(anonymous_4)
FNDA:1,(anonymous_5)
FNDA:1,(anonymous_6)
FNDA:1,(anonymous_7)
FNDA:1,(anonymous_8)
FNDA:1,(anonymous_9)
FNDA:1,(anonymous_10)
FNDA:4,(anonymous_11)
FNDA:1,(anonymous_12)
FNDA:2,(anonymous_13)
FNDA:1,(anonymous_14)
FNDA:1,(anonymous_15)
FNDA:0,(anonymous_16)
FNDA:0,(anonymous_17)
DA:1,1
DA:2,1
DA:3,1
DA:4,1
DA:6,1
DA:8,1
DA:9,1
DA:10,1
DA:13,4
DA:14,4
DA:15,4
DA:19,4
DA:20,0
DA:23,4
DA:31,0
DA:35,0
DA:39,0
DA:43,1
DA:47,1
DA:51,1
DA:52,1
DA:58,1
DA:62,4
DA:63,1
DA:66,4
DA:67,1
DA:68,1
DA:69,0
DA:76,1
DA:78,3
DA:79,0
DA:82,3
DA:83,1
DA:90,2
DA:93,3
DA:97,2
DA:98,2
DA:100,2
DA:101,1
DA:104,1
DA:108,1
DA:109,1
DA:110,1
DA:113,0
DA:114,0
DA:121,0
DA:122,0
DA:124,0
DA:125,0
DA:128,0
DA:129,0
DA:133,0
DA:134,0
LF:53
LH:37
BRDA:19,0,0,0
BRDA:19,0,1,4
BRDA:66,1,0,1
BRDA:66,1,1,3
BRDA:68,2,0,0
BRDA:68,2,1,1
BRDA:78,3,0,0
BRDA:78,3,1,3
BRDA:82,4,0,1
BRDA:82,4,1,2
BRDA:100,5,0,1
BRDA:100,5,1,1
BRDA:108,6,0,1
BRDA:108,6,1,0
BRDA:113,7,0,0
BRDA:113,7,1,0
BRDA:124,8,0,0
BRDA:124,8,1,0
BRF:18
BRH:10
end_of_record
TN:
SF:src\cart\domain\currency-mismatch.exception.ts
FN:4,(anonymous_0)
FNF:1
FNH:0
FNDA:0,(anonymous_0)
DA:1,1
DA:3,1
DA:5,0
LF:3
LH:2
BRF:0
BRH:0
end_of_record
TN:
SF:src\cart\domain\invalid-cart-operation.exception.ts
FN:4,(anonymous_0)
FNF:1
FNH:0
FNDA:0,(anonymous_0)
DA:1,1
DA:3,1
DA:5,0
LF:3
LH:2
BRF:0
BRH:0
end_of_record
TN:
SF:src\cart\domain\money.ts
FN:5,(anonymous_0)
FN:10,(anonymous_1)
FN:20,(anonymous_2)
FN:24,(anonymous_3)
FN:28,(anonymous_4)
FN:32,(anonymous_5)
FN:40,(anonymous_6)
FN:44,(anonymous_7)
FNF:8
FNH:6
FNDA:7,(anonymous_0)
FNDA:4,(anonymous_1)
FNDA:1,(anonymous_2)
FNDA:1,(anonymous_3)
FNDA:0,(anonymous_4)
FNDA:1,(anonymous_5)
FNDA:1,(anonymous_6)
FNDA:0,(anonymous_7)
DA:1,1
DA:2,1
DA:4,1
DA:6,7
DA:7,7
DA:11,4
DA:12,0
DA:17,4
DA:21,1
DA:25,1
DA:29,0
DA:33,1
DA:34,0
DA:37,1
DA:41,1
DA:45,0
LF:16
LH:12
BRDA:10,0,0,4
BRDA:11,1,0,0
BRDA:11,1,1,4
BRDA:20,2,0,0
BRDA:33,3,0,0
BRDA:33,3,1,1
BRDA:45,4,0,0
BRDA:45,4,1,0
BRF:8
BRH:3
end_of_record
TN:
SF:src\cart\domain\product-not-found.exception.ts
FN:4,(anonymous_0)
FNF:1
FNH:0
FNDA:0,(anonymous_0)
DA:1,0
DA:3,0
DA:5,0
LF:3
LH:0
BRF:0
BRH:0
end_of_record
